#
# A fatal error has been detected by the Java Runtime Environment:
#
#  SIGSEGV (0xb) at pc=0x00007f429c7eff63, pid=25189, tid=139924960458496
#
# JRE version: OpenJDK Runtime Environment (7.0_75-b13) (build 1.7.0_75-b13)
# Java VM: OpenJDK 64-Bit Server VM (24.75-b04 mixed mode linux-amd64 compressed oops)
# Derivative: IcedTea 2.5.4
# Distribution: Ubuntu 14.04 LTS, package 7u75-2.5.4-1~trusty1
# Problematic frame:
# C  [libSVM_GPU.so+0x5f63]  Cache::lru_delete(Cache::head_t*)+0x1b
#
# Failed to write core dump. Core dumps have been disabled. To enable core dumping, try "ulimit -c unlimited" before starting Java again
#
# If you would like to submit a bug report, please include
# instructions on how to reproduce the bug and visit:
#   http://icedtea.classpath.org/bugzilla
# The crash happened outside the Java Virtual Machine in native code.
# See problematic frame for where to report the bug.
#

---------------  T H R E A D  ---------------

Current thread (0x00007f42c800a000):  JavaThread "main" [_thread_in_native, id=25190, stack(0x00007f42d1803000,0x00007f42d1904000)]

siginfo:si_signo=SIGSEGV: si_errno=0, si_code=1 (SEGV_MAPERR), si_addr=0x00000000000002b4

Registers:
RAX=0x00000000000002ac, RBX=0x3f50624dd2f1a9fc, RCX=0x0000000000000222, RDX=0x00007f42c84828a0
RSP=0x00007f42d1902000, RBP=0x00007f42d1902000, RSI=0x00007f426c55e6a0, RDI=0x00007f426c559bc0
R8 =0x0000000000000000, R9 =0x000000000058d000, R10=0xffffffffffff5500, R11=0x000000006c526101
R12=0x0000000000000001, R13=0x000000073a0a9500, R14=0x00007f42d1902928, R15=0x00007f42c800a000
RIP=0x00007f429c7eff63, EFLAGS=0x0000000000010206, CSGSFS=0x0000000000000033, ERR=0x0000000000000006
  TRAPNO=0x000000000000000e

Top of Stack: (sp=0x00007f42d1902000)
0x00007f42d1902000:   00007f42d1902050 00007f429c7f0015
0x00007f42d1902010:   000000073a0a9500 00007f42d1902088
0x00007f42d1902020:   ffffffff00000222 00007f426c559bc0
0x00007f42d1902030:   0000000000001110 0000000000000000
0x00007f42d1902040:   00007f426c55e6a0 0000006b00000222
0x00007f42d1902050:   00007f42d19020a0 00007f429c7fcfbb
0x00007f42d1902060:   7ff0000000000000 00007f426c58cf80
0x00007f42d1902070:   ffffffff00000222 00007f42d1902240
0x00007f42d1902080:   0000022200000000 00007f426c58cf80
0x00007f42d1902090:   fff8000000000000 3f50624dd2f1a9fc
0x00007f42d19020a0:   00007f42d19021c0 00007f429c7f15cf
0x00007f42d19020b0:   3ff0000000000000 3f50624dd2f1a9fc
0x00007f42d19020c0:   3ff0000000000000 3ff0000000000000
0x00007f42d19020d0:   00007f426c55a250 00007f426c526150
0x00007f42d19020e0:   00007f426c55b370 00007f42d1902240
0x00007f42d19020f0:   0000022200001110 00007f42d19022a0
0x00007f42d1902100:   0000006b00009500 00000222ffffffff
0x00007f42d1902110:   0000022200000222 00000029d11b97b0
0x00007f42d1902120:   00000222000001fa 0000000000000222
0x00007f42d1902130:   00989680d19021c0 3f84960e76a12fee
0x00007f42d1902140:   00007f42d19021c0 0000000000000000
0x00007f42d1902150:   0000022100000221 00007f42d1902240
0x00007f42d1902160:   00007f426c58cf80 00007f426c58c6f0
0x00007f42d1902170:   3ff0000000000000 3ff0000000000000
0x00007f42d1902180:   0000000000000000 0000000000000000
0x00007f42d1902190:   4068deff23a2cec0 0000000000000000
0x00007f42d19021a0:   00007f42d1902330 00000222c87d6e30
0x00007f42d19021b0:   3ff0000000000000 3ff0000000000000
0x00007f42d19021c0:   00007f42d1902330 00007f429c7f4115
0x00007f42d19021d0:   00007f42d19023a0 0000000000000001
0x00007f42d19021e0:   0000000000000000 3ff0000000000000
0x00007f42d19021f0:   3ff0000000000000 3ff0000000000000 

Instructions: (pc=0x00007f429c7eff63)
0x00007f429c7eff43:   e2 ff ff c9 c3 55 48 89 e5 48 89 7d f8 48 89 75
0x00007f429c7eff53:   f0 48 8b 45 f0 48 8b 00 48 8b 55 f0 48 8b 52 08
0x00007f429c7eff63:   48 89 50 08 48 8b 45 f0 48 8b 40 08 48 8b 55 f0
0x00007f429c7eff73:   48 8b 12 48 89 10 5d c3 90 55 48 89 e5 48 89 7d 

Register to memory mapping:

RAX=0x00000000000002ac is an unknown value
RBX=0x3f50624dd2f1a9fc is an unknown value
RCX=0x0000000000000222 is an unknown value
RDX=0x00007f42c84828a0 is an unknown value
RSP=0x00007f42d1902000 is pointing into the stack for thread: 0x00007f42c800a000
RBP=0x00007f42d1902000 is pointing into the stack for thread: 0x00007f42c800a000
RSI=0x00007f426c55e6a0 is an unknown value
RDI=0x00007f426c559bc0 is an unknown value
R8 =0x0000000000000000 is an unknown value
R9 =0x000000000058d000 is an unknown value
R10=0xffffffffffff5500 is an unknown value
R11=0x000000006c526101 is an unknown value
R12=0x0000000000000001 is an unknown value
R13=0x000000073a0a9500 is an oop
{method} 
 - klass: {other class}
R14=0x00007f42d1902928 is pointing into the stack for thread: 0x00007f42c800a000
R15=0x00007f42c800a000 is a thread


Stack: [0x00007f42d1803000,0x00007f42d1904000],  sp=0x00007f42d1902000,  free space=1020k
Native frames: (J=compiled Java code, j=interpreted, Vv=VM code, C=native code)
C  [libSVM_GPU.so+0x5f63]  Cache::lru_delete(Cache::head_t*)+0x1b
C  [libSVM_GPU.so+0x6015]  Cache::get_data(int, float**, int)+0x4d
C  [libSVM_GPU.so+0x12fbb]  SVC_Q::get_Q(int, int) const+0x2d
C  [libSVM_GPU.so+0x75cf]  Solver::Solve(int, QMatrix const&, double const*, signed char const*, double*, double, double, double, Solver::SolutionInfo*, int)+0x6ab
C  [libSVM_GPU.so+0xa115]  solve_c_svc(svm_problem const*, svm_parameter const*, double*, Solver::SolutionInfo*, double, double)+0x223
C  [libSVM_GPU.so+0xb56e]  svm_train_one(svm_problem const*, svm_parameter const*, double, double)+0xb2
C  [libSVM_GPU.so+0xe3ef]  svm_train+0xa9c
C  [libSVM_GPU.so+0xf858]  svm_cross_validation+0x951
C  [libSVM_GPU.so+0x51c6]  do_crossvalidation+0x84
C  [libSVM_GPU.so+0x547f]  run_pair+0x37
C  [libSVM_GPU.so+0x54cc]  do_cross_validation_with_KM_precalculated+0x20
C  [libSVM_GPU.so+0x48fd]  Java_SVM_1J2C_do_1cross_1validation+0x168
j  SVM_J2C.do_cross_validation(Ljava/lang/String;IIIDDDDDIDDIII)V+0
j  SVM_J2C.run([Ljava/lang/String;)V+116
j  SVM_J2C.main([Ljava/lang/String;)V+10
v  ~StubRoutines::call_stub
V  [libjvm.so+0x5e7fc9]  JavaCalls::call_helper(JavaValue*, methodHandle*, JavaCallArguments*, Thread*)+0x339
V  [libjvm.so+0x5e7a68]  JavaCalls::call(JavaValue*, methodHandle, JavaCallArguments*, Thread*)+0x28
V  [libjvm.so+0x5f6b9b]  jni_invoke_static(JNIEnv_*, JavaValue*, _jobject*, JNICallType, _jmethodID*, JNI_ArgumentPusher*, Thread*) [clone .isra.124] [clone .constprop.156]+0x28b
V  [libjvm.so+0x607e08]  jni_CallStaticVoidMethod+0x118
C  [libjli.so+0x31f9]

Java frames: (J=compiled Java code, j=interpreted, Vv=VM code)
j  SVM_J2C.do_cross_validation(Ljava/lang/String;IIIDDDDDIDDIII)V+0
j  SVM_J2C.run([Ljava/lang/String;)V+116
j  SVM_J2C.main([Ljava/lang/String;)V+10
v  ~StubRoutines::call_stub

---------------  P R O C E S S  ---------------

Java Threads: ( => current thread )
  0x00007f42c80b7000 JavaThread "Service Thread" daemon [_thread_blocked, id=25206, stack(0x00007f429cb03000,0x00007f429cc04000)]
  0x00007f42c80b4800 JavaThread "C2 CompilerThread1" daemon [_thread_blocked, id=25205, stack(0x00007f429cc04000,0x00007f429cd05000)]
  0x00007f42c80b1800 JavaThread "C2 CompilerThread0" daemon [_thread_blocked, id=25204, stack(0x00007f429cd05000,0x00007f429ce06000)]
  0x00007f42c80af800 JavaThread "Signal Dispatcher" daemon [_thread_blocked, id=25203, stack(0x00007f429ce06000,0x00007f429cf07000)]
  0x00007f42c8084800 JavaThread "Finalizer" daemon [_thread_blocked, id=25202, stack(0x00007f429d5e9000,0x00007f429d6ea000)]
  0x00007f42c8082800 JavaThread "Reference Handler" daemon [_thread_blocked, id=25201, stack(0x00007f429d6ea000,0x00007f429d7eb000)]
=>0x00007f42c800a000 JavaThread "main" [_thread_in_native, id=25190, stack(0x00007f42d1803000,0x00007f42d1904000)]

Other Threads:
  0x00007f42c807e000 VMThread [stack: 0x00007f429d7eb000,0x00007f429d8ec000] [id=25200]
  0x00007f42c80c1800 WatcherThread [stack: 0x00007f429ca02000,0x00007f429cb03000] [id=25207]

VM state:not at safepoint (normal execution)

VM Mutex/Monitor currently owned by a thread: None

Heap
 PSYoungGen      total 56832K, used 1966K [0x00000007c1680000, 0x00000007c5580000, 0x0000000800000000)
  eden space 49152K, 4% used [0x00000007c1680000,0x00000007c186b948,0x00000007c4680000)
  from space 7680K, 0% used [0x00000007c4e00000,0x00000007c4e00000,0x00000007c5580000)
  to   space 7680K, 0% used [0x00000007c4680000,0x00000007c4680000,0x00000007c4e00000)
 ParOldGen       total 128000K, used 0K [0x0000000744400000, 0x000000074c100000, 0x00000007c1680000)
  object space 128000K, 0% used [0x0000000744400000,0x0000000744400000,0x000000074c100000)
 PSPermGen       total 21504K, used 2749K [0x0000000739e00000, 0x000000073b300000, 0x0000000744400000)
  object space 21504K, 12% used [0x0000000739e00000,0x000000073a0af630,0x000000073b300000)

Card table byte_map: [0x00007f42cde1a000,0x00007f42ce44c000] byte_map_base: 0x00007f42ca44b000

Polling page: 0x00007f42d1928000

Code Cache  [0x00007f42c5000000, 0x00007f42c5270000, 0x00007f42c8000000)
 total_blobs=166 nmethods=0 adapters=136 free_code_cache=48773Kb largest_free_block=49944192

Compilation events (0 events):
No events

GC Heap History (0 events):
No events

Deoptimization events (0 events):
No events

Internal exceptions (10 events):
Event: 0.026 Thread 0x00007f42c800a000 Threw 0x00000007c168f128 at /build/buildd/openjdk-7-7u75-2.5.4/build/openjdk/hotspot/src/share/vm/prims/jni.cpp:3995
Event: 0.058 Thread 0x00007f42c800a000 Threw 0x00000007c16c54a8 at /build/buildd/openjdk-7-7u75-2.5.4/build/openjdk/hotspot/src/share/vm/prims/jni.cpp:721
Event: 0.058 Thread 0x00007f42c800a000 Threw 0x00000007c16c5628 at /build/buildd/openjdk-7-7u75-2.5.4/build/openjdk/hotspot/src/share/vm/prims/jvm.cpp:1284
Event: 0.059 Thread 0x00007f42c800a000 Threw 0x00000007c16c5750 at /build/buildd/openjdk-7-7u75-2.5.4/build/openjdk/hotspot/src/share/vm/prims/jvm.cpp:1284
Event: 0.059 Thread 0x00007f42c800a000 Threw 0x00000007c16c88c8 at /build/buildd/openjdk-7-7u75-2.5.4/build/openjdk/hotspot/src/share/vm/prims/jvm.cpp:1284
Event: 0.062 Thread 0x00007f42c800a000 Threw 0x00000007c16cf150 at /build/buildd/openjdk-7-7u75-2.5.4/build/openjdk/hotspot/src/share/vm/prims/jvm.cpp:1284
Event: 0.064 Thread 0x00007f42c800a000 Threw 0x00000007c16d2b78 at /build/buildd/openjdk-7-7u75-2.5.4/build/openjdk/hotspot/src/share/vm/prims/jvm.cpp:1284
Event: 0.064 Thread 0x00007f42c800a000 Threw 0x00000007c16d4280 at /build/buildd/openjdk-7-7u75-2.5.4/build/openjdk/hotspot/src/share/vm/prims/jvm.cpp:1284
Event: 0.065 Thread 0x00007f42c800a000 Threw 0x00000007c16d6440 at /build/buildd/openjdk-7-7u75-2.5.4/build/openjdk/hotspot/src/share/vm/prims/jvm.cpp:1284
Event: 0.065 Thread 0x00007f42c800a000 Threw 0x00000007c16da008 at /build/buildd/openjdk-7-7u75-2.5.4/build/openjdk/hotspot/src/share/vm/prims/jvm.cpp:1284

Events (10 events):
Event: 0.064 loading class 0x00007f42c81062e0
Event: 0.064 loading class 0x00007f42c81062e0 done
Event: 0.064 loading class 0x00007f42c8106210
Event: 0.064 loading class 0x00007f42c8106210 done
Event: 0.064 loading class 0x00007f42ccae3eb0
Event: 0.064 loading class 0x00007f42ccae3eb0 done
Event: 0.065 loading class 0x00007f42c81064d0
Event: 0.065 loading class 0x00007f42c81064d0 done
Event: 0.065 loading class 0x00007f42c814ea40
Event: 0.065 loading class 0x00007f42c814ea40 done


Dynamic libraries:
00400000-00401000 r-xp 00000000 08:01 29367489                           /usr/lib/jvm/java-7-openjdk-amd64/jre/bin/java
00600000-00601000 r--p 00000000 08:01 29367489                           /usr/lib/jvm/java-7-openjdk-amd64/jre/bin/java
00601000-00602000 rw-p 00001000 08:01 29367489                           /usr/lib/jvm/java-7-openjdk-amd64/jre/bin/java
00975000-00996000 rw-p 00000000 00:00 0                                  [heap]
200000000-200100000 rw-s 120e86000 00:05 15587                           /dev/nvidiactl
200100000-203100000 ---p 00000000 00:00 0 
203100000-203200000 rw-s 273a4000 00:05 15587                            /dev/nvidiactl
203200000-203300000 ---p 00000000 00:00 0 
203300000-203400000 rw-s 2279b000 00:05 15587                            /dev/nvidiactl
203400000-600000000 ---p 00000000 00:00 0 
739e00000-73b300000 rw-p 00000000 00:00 0 
73b300000-744400000 rw-p 00000000 00:00 0 
744400000-74c100000 rw-p 00000000 00:00 0 
74c100000-7c1680000 rw-p 00000000 00:00 0 
7c1680000-7c5580000 rw-p 00000000 00:00 0 
7c5580000-800000000 rw-p 00000000 00:00 0 
800000000-c00000000 ---p 00000000 00:00 0 
7f426c000000-7f426c672000 rw-p 00000000 00:00 0 
7f426c672000-7f4270000000 ---p 00000000 00:00 0 
7f42712a3000-7f4271524000 rw-p 00000000 00:00 0 
7f4271644000-7f4271733000 rw-p 00000000 00:00 0 
7f4271822000-7f4271900000 rw-s 101f9d000 00:05 15587                     /dev/nvidiactl
7f4271900000-7f4271a00000 rw-s 101e98000 00:05 15587                     /dev/nvidiactl
7f4271a00000-7f4271b00000 rw-s 1021f2000 00:05 15587                     /dev/nvidiactl
7f4271b00000-7f4271c00000 rw-s 83055000 00:05 15587                      /dev/nvidiactl
7f4271c00000-7f4272000000 rw-s 10a2bd000 00:05 15587                     /dev/nvidiactl
7f4272000000-7f4272400000 rw-s 108d84000 00:05 15587                     /dev/nvidiactl
7f4272400000-7f4272800000 rw-s 2237e000 00:05 15587                      /dev/nvidiactl
7f4272800000-7f4272c00000 rw-s 10b74b000 00:05 15587                     /dev/nvidiactl
7f4272c00000-7f4273000000 rw-s 102464000 00:05 15587                     /dev/nvidiactl
7f4273000000-7f4273400000 rw-s 106243000 00:05 15587                     /dev/nvidiactl
7f4273400000-7f4273800000 rw-s 73960000 00:05 15587                      /dev/nvidiactl
7f4273800000-7f4273c00000 rw-s 102bd3000 00:05 15587                     /dev/nvidiactl
7f4273c00000-7f4274000000 rw-s 184260000 00:05 15587                     /dev/nvidiactl
7f4274000000-7f4274021000 rw-p 00000000 00:00 0 
7f4274021000-7f4278000000 ---p 00000000 00:00 0 
7f4278000000-7f4278021000 rw-p 00000000 00:00 0 
7f4278021000-7f427c000000 ---p 00000000 00:00 0 
7f427c08c000-7f427c0f3000 rw-p 00000000 00:00 0 
7f427c0f3000-7f427c113000 rw-s e05e0000 00:05 9745                       /dev/nvidia1
7f427c113000-7f427c133000 rw-s e05c0000 00:05 9745                       /dev/nvidia1
7f427c133000-7f427c153000 rw-s e05a0000 00:05 9745                       /dev/nvidia1
7f427c153000-7f427c173000 rw-s e0580000 00:05 9745                       /dev/nvidia1
7f427c173000-7f427c193000 rw-s e0560000 00:05 9745                       /dev/nvidia1
7f427c193000-7f427c1b3000 rw-s e0540000 00:05 9745                       /dev/nvidia1
7f427c1b3000-7f427c5b3000 rw-s 10a040000 00:05 15587                     /dev/nvidiactl
7f427c5b3000-7f427c9b3000 rw-s 0efd9000 00:05 15587                      /dev/nvidiactl
7f427c9b3000-7f427c9b4000 ---p 00000000 00:00 0 
7f427c9b4000-7f427d1b4000 rwxp 00000000 00:00 0                          [stack:25208]
7f427d1b4000-7f427dc78000 r-xp 00000000 08:01 21366578                   /usr/lib/x86_64-linux-gnu/libcuda.so.346.46
7f427dc78000-7f427de77000 ---p 00ac4000 08:01 21366578                   /usr/lib/x86_64-linux-gnu/libcuda.so.346.46
7f427de77000-7f427e029000 rw-p 00ac3000 08:01 21366578                   /usr/lib/x86_64-linux-gnu/libcuda.so.346.46
7f427e029000-7f427e03e000 rw-p 00000000 00:00 0 
7f427e03e000-7f427fdea000 r-xp 00000000 08:01 24381066                   /usr/local/cuda-7.0/lib64/libcublas.so.7.0.28
7f427fdea000-7f427ffea000 ---p 01dac000 08:01 24381066                   /usr/local/cuda-7.0/lib64/libcublas.so.7.0.28
7f427ffea000-7f427fff5000 rw-p 01dac000 08:01 24381066                   /usr/local/cuda-7.0/lib64/libcublas.so.7.0.28
7f427fff5000-7f4280000000 rw-p 00000000 00:00 0 
7f4280000000-7f4280021000 rw-p 00000000 00:00 0 
7f4280021000-7f4284000000 ---p 00000000 00:00 0 
7f4284000000-7f4284021000 rw-p 00000000 00:00 0 
7f4284021000-7f4288000000 ---p 00000000 00:00 0 
7f4288000000-7f4288021000 rw-p 00000000 00:00 0 
7f4288021000-7f428c000000 ---p 00000000 00:00 0 
7f428c000000-7f428c021000 rw-p 00000000 00:00 0 
7f428c021000-7f4290000000 ---p 00000000 00:00 0 
7f4290000000-7f4290021000 rw-p 00000000 00:00 0 
7f4290021000-7f4294000000 ---p 00000000 00:00 0 
7f4294000000-7f4294021000 rw-p 00000000 00:00 0 
7f4294021000-7f4298000000 ---p 00000000 00:00 0 
7f4298000000-7f4298021000 rw-p 00000000 00:00 0 
7f4298021000-7f429c000000 ---p 00000000 00:00 0 
7f429c019000-7f429c039000 rw-s e0520000 00:05 9745                       /dev/nvidia1
7f429c039000-7f429c059000 rw-s e0500000 00:05 9745                       /dev/nvidia1
7f429c059000-7f429c079000 rw-s e04e0000 00:05 9745                       /dev/nvidia1
7f429c079000-7f429c099000 rw-s e04c0000 00:05 9745                       /dev/nvidia1
7f429c099000-7f429c0b9000 rw-s e04a0000 00:05 9745                       /dev/nvidia1
7f429c0b9000-7f429c4b9000 rw-s 112d53000 00:05 15587                     /dev/nvidiactl
7f429c4b9000-7f429c4d9000 rw-s e0480000 00:05 9745                       /dev/nvidia1
7f429c4d9000-7f429c58d000 rw-p 00000000 00:00 0 
7f429c58d000-7f429c5e6000 r-xp 00000000 08:01 24381063                   /usr/local/cuda-7.0/lib64/libcudart.so.7.0.28
7f429c5e6000-7f429c7e6000 ---p 00059000 08:01 24381063                   /usr/local/cuda-7.0/lib64/libcudart.so.7.0.28
7f429c7e6000-7f429c7e9000 rw-p 00059000 08:01 24381063                   /usr/local/cuda-7.0/lib64/libcudart.so.7.0.28
7f429c7e9000-7f429c7ea000 rw-p 00000000 00:00 0 
7f429c7ea000-7f429c800000 r-xp 00000000 08:01 24252596                   /home/chen/SVM_GPU/src/libSVM_GPU.so
7f429c800000-7f429ca00000 ---p 00016000 08:01 24252596                   /home/chen/SVM_GPU/src/libSVM_GPU.so
7f429ca00000-7f429ca01000 r--p 00016000 08:01 24252596                   /home/chen/SVM_GPU/src/libSVM_GPU.so
7f429ca01000-7f429ca02000 rw-p 00017000 08:01 24252596                   /home/chen/SVM_GPU/src/libSVM_GPU.so
7f429ca02000-7f429ca03000 ---p 00000000 00:00 0 
7f429ca03000-7f429cc04000 rwxp 00000000 00:00 0                          [stack:25206]
7f429cc04000-7f429cc05000 ---p 00000000 00:00 0 
7f429cc05000-7f429cd05000 rwxp 00000000 00:00 0                          [stack:25205]
7f429cd05000-7f429cd06000 ---p 00000000 00:00 0 
7f429cd06000-7f429cf07000 rwxp 00000000 00:00 0                          [stack:25203]
7f429cf07000-7f429d5e9000 r--p 00000000 08:01 21371400                   /usr/lib/locale/locale-archive
7f429d5e9000-7f429d7eb000 rwxp 00000000 00:00 0                          [stack:25201]
7f429d7eb000-7f429d7ec000 ---p 00000000 00:00 0 
7f429d7ec000-7f429d8ec000 rwxp 00000000 00:00 0                          [stack:25200]
7f429d8ec000-7f42a4000000 rw-p 00000000 00:00 0 
7f42a4000000-7f42a4021000 rw-p 00000000 00:00 0 
7f42a4021000-7f42a8000000 ---p 00000000 00:00 0 
7f42a8000000-7f42a8021000 rw-p 00000000 00:00 0 
7f42a8021000-7f42ac000000 ---p 00000000 00:00 0 
7f42ac000000-7f42ac021000 rw-p 00000000 00:00 0 
7f42ac021000-7f42b0000000 ---p 00000000 00:00 0 
7f42b0000000-7f42b0021000 rw-p 00000000 00:00 0 
7f42b0021000-7f42b4000000 ---p 00000000 00:00 0 
7f42b4000000-7f42b4021000 rw-p 00000000 00:00 0 
7f42b4021000-7f42b8000000 ---p 00000000 00:00 0 
7f42b8000000-7f42b8021000 rw-p 00000000 00:00 0 
7f42b8021000-7f42bc000000 ---p 00000000 00:00 0 
7f42bc000000-7f42bc021000 rw-p 00000000 00:00 0 
7f42bc021000-7f42c0000000 ---p 00000000 00:00 0 
7f42c0000000-7f42c0021000 rw-p 00000000 00:00 0 
7f42c0021000-7f42c4000000 ---p 00000000 00:00 0 
7f42c400a000-7f42c5000000 rw-p 00000000 00:00 0 
7f42c5000000-7f42c5270000 rwxp 00000000 00:00 0 
7f42c5270000-7f42cc000000 rw-p 00000000 00:00 0 
7f42cc005000-7f42cc8bb000 rw-p 00000000 00:00 0 
7f42cc8bb000-7f42cca6d000 r--s 01d23000 08:01 29367423                   /usr/lib/jvm/java-7-openjdk-amd64/jre/lib/rt.jar
7f42cca6d000-7f42cd1d5000 rw-p 00000000 00:00 0 
7f42cd1d5000-7f42cd1d6000 ---p 00000000 00:00 0 
7f42cd1d6000-7f42cd2d6000 rwxp 00000000 00:00 0                          [stack:25198]
7f42cd2d6000-7f42cd2d7000 ---p 00000000 00:00 0 
7f42cd2d7000-7f42cd3d7000 rwxp 00000000 00:00 0                          [stack:25197]
7f42cd3d7000-7f42cd3d8000 ---p 00000000 00:00 0 
7f42cd3d8000-7f42cd4d8000 rwxp 00000000 00:00 0                          [stack:25196]
7f42cd4d8000-7f42cd4d9000 ---p 00000000 00:00 0 
7f42cd4d9000-7f42cd5d9000 rwxp 00000000 00:00 0                          [stack:25195]
7f42cd5d9000-7f42cd5da000 ---p 00000000 00:00 0 
7f42cd5da000-7f42cd6da000 rwxp 00000000 00:00 0                          [stack:25194]
7f42cd6da000-7f42cd6db000 ---p 00000000 00:00 0 
7f42cd6db000-7f42cd7db000 rwxp 00000000 00:00 0                          [stack:25193]
7f42cd7db000-7f42cd7dc000 ---p 00000000 00:00 0 
7f42cd7dc000-7f42cd8dc000 rwxp 00000000 00:00 0                          [stack:25192]
7f42cd8dc000-7f42cd8dd000 ---p 00000000 00:00 0 
7f42cd8dd000-7f42cd9dd000 rwxp 00000000 00:00 0                          [stack:25191]
7f42cd9dd000-7f42cd9e8000 rw-p 00000000 00:00 0 
7f42cd9e8000-7f42cda30000 rw-p 00000000 00:00 0 
7f42cda30000-7f42cda6f000 rw-p 00000000 00:00 0 
7f42cda6f000-7f42cde1a000 rw-p 00000000 00:00 0 
7f42cde1a000-7f42cde25000 rw-p 00000000 00:00 0 
7f42cde25000-7f42cde6d000 rw-p 00000000 00:00 0 
7f42cde6d000-7f42cdeac000 rw-p 00000000 00:00 0 
7f42cdeac000-7f42ce256000 rw-p 00000000 00:00 0 
7f42ce256000-7f42ce276000 rw-p 00000000 00:00 0 
7f42ce276000-7f42ce44b000 rw-p 00000000 00:00 0 
7f42ce44b000-7f42ce44c000 rw-p 00000000 00:00 0 
7f42ce44c000-7f42ce454000 r-xp 00000000 08:01 29367485                   /usr/lib/jvm/java-7-openjdk-amd64/jre/lib/amd64/libzip.so
7f42ce454000-7f42ce653000 ---p 00008000 08:01 29367485                   /usr/lib/jvm/java-7-openjdk-amd64/jre/lib/amd64/libzip.so
7f42ce653000-7f42ce654000 r--p 00007000 08:01 29367485                   /usr/lib/jvm/java-7-openjdk-amd64/jre/lib/amd64/libzip.so
7f42ce654000-7f42ce655000 rw-p 00008000 08:01 29367485                   /usr/lib/jvm/java-7-openjdk-amd64/jre/lib/amd64/libzip.so
7f42ce655000-7f42ce660000 r-xp 00000000 08:01 17694893                   /lib/x86_64-linux-gnu/libnss_files-2.19.so
7f42ce660000-7f42ce85f000 ---p 0000b000 08:01 17694893                   /lib/x86_64-linux-gnu/libnss_files-2.19.so
7f42ce85f000-7f42ce860000 r--p 0000a000 08:01 17694893                   /lib/x86_64-linux-gnu/libnss_files-2.19.so
7f42ce860000-7f42ce861000 rw-p 0000b000 08:01 17694893                   /lib/x86_64-linux-gnu/libnss_files-2.19.so
7f42ce861000-7f42ce86c000 r-xp 00000000 08:01 17694913                   /lib/x86_64-linux-gnu/libnss_nis-2.19.so
7f42ce86c000-7f42cea6b000 ---p 0000b000 08:01 17694913                   /lib/x86_64-linux-gnu/libnss_nis-2.19.so
7f42cea6b000-7f42cea6c000 r--p 0000a000 08:01 17694913                   /lib/x86_64-linux-gnu/libnss_nis-2.19.so
7f42cea6c000-7f42cea6d000 rw-p 0000b000 08:01 17694913                   /lib/x86_64-linux-gnu/libnss_nis-2.19.so
7f42cea6d000-7f42cea84000 r-xp 00000000 08:01 17694902                   /lib/x86_64-linux-gnu/libnsl-2.19.so
7f42cea84000-7f42cec83000 ---p 00017000 08:01 17694902                   /lib/x86_64-linux-gnu/libnsl-2.19.so
7f42cec83000-7f42cec84000 r--p 00016000 08:01 17694902                   /lib/x86_64-linux-gnu/libnsl-2.19.so
7f42cec84000-7f42cec85000 rw-p 00017000 08:01 17694902                   /lib/x86_64-linux-gnu/libnsl-2.19.so
7f42cec85000-7f42cec87000 rw-p 00000000 00:00 0 
7f42cec87000-7f42cec90000 r-xp 00000000 08:01 17694901                   /lib/x86_64-linux-gnu/libnss_compat-2.19.so
7f42cec90000-7f42cee8f000 ---p 00009000 08:01 17694901                   /lib/x86_64-linux-gnu/libnss_compat-2.19.so
7f42cee8f000-7f42cee90000 r--p 00008000 08:01 17694901                   /lib/x86_64-linux-gnu/libnss_compat-2.19.so
7f42cee90000-7f42cee91000 rw-p 00009000 08:01 17694901                   /lib/x86_64-linux-gnu/libnss_compat-2.19.so
7f42cee91000-7f42ceebc000 r-xp 00000000 08:01 29367469                   /usr/lib/jvm/java-7-openjdk-amd64/jre/lib/amd64/libjava.so
7f42ceebc000-7f42cf0bc000 ---p 0002b000 08:01 29367469                   /usr/lib/jvm/java-7-openjdk-amd64/jre/lib/amd64/libjava.so
7f42cf0bc000-7f42cf0bd000 r--p 0002b000 08:01 29367469                   /usr/lib/jvm/java-7-openjdk-amd64/jre/lib/amd64/libjava.so
7f42cf0bd000-7f42cf0bf000 rw-p 0002c000 08:01 29367469                   /usr/lib/jvm/java-7-openjdk-amd64/jre/lib/amd64/libjava.so
7f42cf0bf000-7f42cf0cf000 r-xp 00000000 08:01 29367468                   /usr/lib/jvm/java-7-openjdk-amd64/jre/lib/amd64/libverify.so
7f42cf0cf000-7f42cf2ce000 ---p 00010000 08:01 29367468                   /usr/lib/jvm/java-7-openjdk-amd64/jre/lib/amd64/libverify.so
7f42cf2ce000-7f42cf2d0000 r--p 0000f000 08:01 29367468                   /usr/lib/jvm/java-7-openjdk-amd64/jre/lib/amd64/libverify.so
7f42cf2d0000-7f42cf2d1000 rw-p 00011000 08:01 29367468                   /usr/lib/jvm/java-7-openjdk-amd64/jre/lib/amd64/libverify.so
7f42cf2d1000-7f42cf2d8000 r-xp 00000000 08:01 17694910                   /lib/x86_64-linux-gnu/librt-2.19.so
7f42cf2d8000-7f42cf4d7000 ---p 00007000 08:01 17694910                   /lib/x86_64-linux-gnu/librt-2.19.so
7f42cf4d7000-7f42cf4d8000 r--p 00006000 08:01 17694910                   /lib/x86_64-linux-gnu/librt-2.19.so
7f42cf4d8000-7f42cf4d9000 rw-p 00007000 08:01 17694910                   /lib/x86_64-linux-gnu/librt-2.19.so
7f42cf4d9000-7f42cf4ef000 r-xp 00000000 08:01 17698662                   /lib/x86_64-linux-gnu/libgcc_s.so.1
7f42cf4ef000-7f42cf6ee000 ---p 00016000 08:01 17698662                   /lib/x86_64-linux-gnu/libgcc_s.so.1
7f42cf6ee000-7f42cf6ef000 rw-p 00015000 08:01 17698662                   /lib/x86_64-linux-gnu/libgcc_s.so.1
7f42cf6ef000-7f42cf7f4000 r-xp 00000000 08:01 17694892                   /lib/x86_64-linux-gnu/libm-2.19.so
7f42cf7f4000-7f42cf9f3000 ---p 00105000 08:01 17694892                   /lib/x86_64-linux-gnu/libm-2.19.so
7f42cf9f3000-7f42cf9f4000 r--p 00104000 08:01 17694892                   /lib/x86_64-linux-gnu/libm-2.19.so
7f42cf9f4000-7f42cf9f5000 rw-p 00105000 08:01 17694892                   /lib/x86_64-linux-gnu/libm-2.19.so
7f42cf9f5000-7f42cfadb000 r-xp 00000000 08:01 21373195                   /usr/lib/x86_64-linux-gnu/libstdc++.so.6.0.19
7f42cfadb000-7f42cfcda000 ---p 000e6000 08:01 21373195                   /usr/lib/x86_64-linux-gnu/libstdc++.so.6.0.19
7f42cfcda000-7f42cfce2000 r--p 000e5000 08:01 21373195                   /usr/lib/x86_64-linux-gnu/libstdc++.so.6.0.19
7f42cfce2000-7f42cfce4000 rw-p 000ed000 08:01 21373195                   /usr/lib/x86_64-linux-gnu/libstdc++.so.6.0.19
7f42cfce4000-7f42cfcf9000 rw-p 00000000 00:00 0 
7f42cfcf9000-7f42d0811000 r-xp 00000000 08:01 29367474                   /usr/lib/jvm/java-7-openjdk-amd64/jre/lib/amd64/server/libjvm.so
7f42d0811000-7f42d0a11000 ---p 00b18000 08:01 29367474                   /usr/lib/jvm/java-7-openjdk-amd64/jre/lib/amd64/server/libjvm.so
7f42d0a11000-7f42d0aab000 r--p 00b18000 08:01 29367474                   /usr/lib/jvm/java-7-openjdk-amd64/jre/lib/amd64/server/libjvm.so
7f42d0aab000-7f42d0ace000 rw-p 00bb2000 08:01 29367474                   /usr/lib/jvm/java-7-openjdk-amd64/jre/lib/amd64/server/libjvm.so
7f42d0ace000-7f42d0afc000 rw-p 00000000 00:00 0 
7f42d0afc000-7f42d0b14000 r-xp 00000000 08:01 17698848                   /lib/x86_64-linux-gnu/libz.so.1.2.8
7f42d0b14000-7f42d0d13000 ---p 00018000 08:01 17698848                   /lib/x86_64-linux-gnu/libz.so.1.2.8
7f42d0d13000-7f42d0d14000 r--p 00017000 08:01 17698848                   /lib/x86_64-linux-gnu/libz.so.1.2.8
7f42d0d14000-7f42d0d15000 rw-p 00018000 08:01 17698848                   /lib/x86_64-linux-gnu/libz.so.1.2.8
7f42d0d15000-7f42d0d2e000 r-xp 00000000 08:01 17694908                   /lib/x86_64-linux-gnu/libpthread-2.19.so
7f42d0d2e000-7f42d0f2d000 ---p 00019000 08:01 17694908                   /lib/x86_64-linux-gnu/libpthread-2.19.so
7f42d0f2d000-7f42d0f2e000 r--p 00018000 08:01 17694908                   /lib/x86_64-linux-gnu/libpthread-2.19.so
7f42d0f2e000-7f42d0f2f000 rw-p 00019000 08:01 17694908                   /lib/x86_64-linux-gnu/libpthread-2.19.so
7f42d0f2f000-7f42d0f33000 rw-p 00000000 00:00 0 
7f42d0f33000-7f42d0f36000 r-xp 00000000 08:01 17694896                   /lib/x86_64-linux-gnu/libdl-2.19.so
7f42d0f36000-7f42d1135000 ---p 00003000 08:01 17694896                   /lib/x86_64-linux-gnu/libdl-2.19.so
7f42d1135000-7f42d1136000 r--p 00002000 08:01 17694896                   /lib/x86_64-linux-gnu/libdl-2.19.so
7f42d1136000-7f42d1137000 rw-p 00003000 08:01 17694896                   /lib/x86_64-linux-gnu/libdl-2.19.so
7f42d1137000-7f42d12f2000 r-xp 00000000 08:01 17694907                   /lib/x86_64-linux-gnu/libc-2.19.so
7f42d12f2000-7f42d14f1000 ---p 001bb000 08:01 17694907                   /lib/x86_64-linux-gnu/libc-2.19.so
7f42d14f1000-7f42d14f5000 r--p 001ba000 08:01 17694907                   /lib/x86_64-linux-gnu/libc-2.19.so
7f42d14f5000-7f42d14f7000 rw-p 001be000 08:01 17694907                   /lib/x86_64-linux-gnu/libc-2.19.so
7f42d14f7000-7f42d14fc000 rw-p 00000000 00:00 0 
7f42d14fc000-7f42d1509000 r-xp 00000000 08:01 29367451                   /usr/lib/jvm/java-7-openjdk-amd64/jre/lib/amd64/jli/libjli.so
7f42d1509000-7f42d1708000 ---p 0000d000 08:01 29367451                   /usr/lib/jvm/java-7-openjdk-amd64/jre/lib/amd64/jli/libjli.so
7f42d1708000-7f42d1709000 r--p 0000c000 08:01 29367451                   /usr/lib/jvm/java-7-openjdk-amd64/jre/lib/amd64/jli/libjli.so
7f42d1709000-7f42d170a000 rw-p 0000d000 08:01 29367451                   /usr/lib/jvm/java-7-openjdk-amd64/jre/lib/amd64/jli/libjli.so
7f42d170a000-7f42d172d000 r-xp 00000000 08:01 17694904                   /lib/x86_64-linux-gnu/ld-2.19.so
7f42d172d000-7f42d172e000 rw-p 00000000 00:00 0 
7f42d172e000-7f42d172f000 rw-s efee6000 00:05 9745                       /dev/nvidia1
7f42d172f000-7f42d1730000 rw-s 0affe000 00:05 15587                      /dev/nvidiactl
7f42d1730000-7f42d1731000 rw-s efee5000 00:05 9745                       /dev/nvidia1
7f42d1731000-7f42d1732000 rw-s 10a2aa000 00:05 15587                     /dev/nvidiactl
7f42d1732000-7f42d1733000 rw-s efee5000 00:05 9745                       /dev/nvidia1
7f42d1733000-7f42d1734000 rw-s 108c5d000 00:05 15587                     /dev/nvidiactl
7f42d1734000-7f42d1735000 rw-s efee5000 00:05 9745                       /dev/nvidia1
7f42d1735000-7f42d1736000 rw-s 138fe000 00:05 15587                      /dev/nvidiactl
7f42d1736000-7f42d1737000 rw-s efee5000 00:05 9745                       /dev/nvidia1
7f42d1737000-7f42d1738000 rw-s 10b61a000 00:05 15587                     /dev/nvidiactl
7f42d1738000-7f42d1739000 rw-s efee5000 00:05 9745                       /dev/nvidia1
7f42d1739000-7f42d173a000 rw-s 102451000 00:05 15587                     /dev/nvidiactl
7f42d173a000-7f42d173b000 rw-s efee5000 00:05 9745                       /dev/nvidia1
7f42d173b000-7f42d173c000 rw-s 10622f000 00:05 15587                     /dev/nvidiactl
7f42d173c000-7f42d173d000 rw-s efee5000 00:05 9745                       /dev/nvidia1
7f42d173d000-7f42d173e000 rw-s 27501000 00:05 15587                      /dev/nvidiactl
7f42d173e000-7f42d173f000 rw-s efee5000 00:05 9745                       /dev/nvidia1
7f42d173f000-7f42d1740000 rw-s 10320e000 00:05 15587                     /dev/nvidiactl
7f42d1740000-7f42d1741000 rw-s efee4000 00:05 9745                       /dev/nvidia1
7f42d1741000-7f42d1742000 rw-s 106ccd000 00:05 15587                     /dev/nvidiactl
7f42d1742000-7f42d1743000 rw-s efee4000 00:05 9745                       /dev/nvidia1
7f42d1743000-7f42d174d000 rw-p 00000000 00:00 0 
7f42d174d000-7f42d1803000 rw-p 00000000 00:00 0 
7f42d1803000-7f42d1804000 ---p 00000000 00:00 0 
7f42d1804000-7f42d1904000 rwxp 00000000 00:00 0                          [stack:25190]
7f42d1904000-7f42d1908000 rw-p 00000000 00:00 0 
7f42d1908000-7f42d1909000 rw-s 129005000 00:05 15587                     /dev/nvidiactl
7f42d1909000-7f42d190a000 rw-s efee4000 00:05 9745                       /dev/nvidia1
7f42d190a000-7f42d190b000 rw-s 0609a000 00:05 15587                      /dev/nvidiactl
7f42d190b000-7f42d190c000 rw-p 00000000 00:00 0 
7f42d190c000-7f42d190f000 r--s 00086000 08:01 29367432                   /usr/lib/jvm/java-7-openjdk-amd64/jre/lib/ext/localedata.jar
7f42d190f000-7f42d1912000 r--s 0000f000 08:01 29367427                   /usr/lib/jvm/java-7-openjdk-amd64/jre/lib/ext/icedtea-sound.jar
7f42d1912000-7f42d1916000 r--s 0003c000 08:01 29367428                   /usr/lib/jvm/java-7-openjdk-amd64/jre/lib/ext/sunpkcs11.jar
7f42d1916000-7f42d1918000 r--s 00012000 08:01 29367430                   /usr/lib/jvm/java-7-openjdk-amd64/jre/lib/ext/zipfs.jar
7f42d1918000-7f42d1919000 r--s 00002000 08:01 29367431                   /usr/lib/jvm/java-7-openjdk-amd64/jre/lib/ext/dnsns.jar
7f42d1919000-7f42d191d000 r--s 00034000 08:01 29367429                   /usr/lib/jvm/java-7-openjdk-amd64/jre/lib/ext/sunjce_provider.jar
7f42d191d000-7f42d191f000 r--s 00006000 08:01 21764431                   /usr/share/java/java-atk-wrapper.jar
7f42d191f000-7f42d1927000 rw-s 00000000 08:01 37749139                   /tmp/hsperfdata_chen/25189
7f42d1927000-7f42d1928000 rw-p 00000000 00:00 0 
7f42d1928000-7f42d1929000 r--p 00000000 00:00 0 
7f42d1929000-7f42d192c000 rw-p 00000000 00:00 0 
7f42d192c000-7f42d192d000 r--p 00022000 08:01 17694904                   /lib/x86_64-linux-gnu/ld-2.19.so
7f42d192d000-7f42d192e000 rw-p 00023000 08:01 17694904                   /lib/x86_64-linux-gnu/ld-2.19.so
7f42d192e000-7f42d192f000 rw-p 00000000 00:00 0 
7ffe9a2e8000-7ffe9a307000 rwxp 00000000 00:00 0                          [stack]
7ffe9a307000-7ffe9a309000 rw-p 00000000 00:00 0 
7ffe9a3b2000-7ffe9a3b4000 r-xp 00000000 00:00 0                          [vdso]
ffffffffff600000-ffffffffff601000 r-xp 00000000 00:00 0                  [vsyscall]

VM Arguments:
java_command: SVM_J2C -v 5 /home/chen/dataset/123/683
Launcher Type: SUN_STANDARD

Environment Variables:
PATH=/usr/local/cuda-7.0/bin:/usr/local/sbin:/usr/local/bin:/usr/sbin:/usr/bin:/sbin:/bin:/usr/games:/usr/local/games
LD_LIBRARY_PATH=/usr/local/cuda/lib64/:/usr/local/cuda/lib/:/usr/local/cuda-7.0/lib64/:/usr/local/cuda-7.0/lib/:
SHELL=/bin/bash

Signal Handlers:
SIGSEGV: [libjvm.so+0x94b4b0], sa_mask[0]=0x7ffbfeff, sa_flags=0x10000004
SIGBUS: [libjvm.so+0x94b4b0], sa_mask[0]=0x7ffbfeff, sa_flags=0x10000004
SIGFPE: [libjvm.so+0x7c3390], sa_mask[0]=0x7ffbfeff, sa_flags=0x10000004
SIGPIPE: [libjvm.so+0x7c3390], sa_mask[0]=0x7ffbfeff, sa_flags=0x10000004
SIGXFSZ: [libjvm.so+0x7c3390], sa_mask[0]=0x7ffbfeff, sa_flags=0x10000004
SIGILL: [libjvm.so+0x7c3390], sa_mask[0]=0x7ffbfeff, sa_flags=0x10000004
SIGUSR1: SIG_DFL, sa_mask[0]=0x00000000, sa_flags=0x00000000
SIGUSR2: [libjvm.so+0x7c3230], sa_mask[0]=0x00000000, sa_flags=0x10000004
SIGHUP: [libjvm.so+0x7c3410], sa_mask[0]=0x7ffbfeff, sa_flags=0x10000004
SIGINT: [libjvm.so+0x7c3410], sa_mask[0]=0x7ffbfeff, sa_flags=0x10000004
SIGTERM: [libjvm.so+0x7c3410], sa_mask[0]=0x7ffbfeff, sa_flags=0x10000004
SIGQUIT: [libjvm.so+0x7c3410], sa_mask[0]=0x7ffbfeff, sa_flags=0x10000004
SIGTRAP: SIG_DFL, sa_mask[0]=0x00000000, sa_flags=0x00000000


---------------  S Y S T E M  ---------------

OS:Ubuntu 14.04 (trusty)
uname:Linux 3.13.0-49-generic #81-Ubuntu SMP Tue Mar 24 19:29:48 UTC 2015 x86_64
libc:glibc 2.19 NPTL 2.19 
rlimit: STACK 8192k, CORE 0k, NPROC 95927, NOFILE 4096, AS infinity
load average:2.01 2.08 2.00

/proc/meminfo:
MemTotal:       12300324 kB
MemFree:          206740 kB
Buffers:           28248 kB
Cached:         10246016 kB
SwapCached:        61392 kB
Active:          5627928 kB
Inactive:        5557116 kB
Active(anon):     446680 kB
Inactive(anon):   484976 kB
Active(file):    5181248 kB
Inactive(file):  5072140 kB
Unevictable:        7220 kB
Mlocked:            7220 kB
SwapTotal:      19729404 kB
SwapFree:       17590772 kB
Dirty:            382696 kB
Writeback:             0 kB
AnonPages:        897284 kB
Mapped:           376208 kB
Shmem:             14392 kB
Slab:             408408 kB
SReclaimable:     333784 kB
SUnreclaim:        74624 kB
KernelStack:        6600 kB
PageTables:        55672 kB
NFS_Unstable:          0 kB
Bounce:                0 kB
WritebackTmp:          0 kB
CommitLimit:    25879564 kB
Committed_AS:    9294208 kB
VmallocTotal:   34359738367 kB
VmallocUsed:      185624 kB
VmallocChunk:   34359547900 kB
HardwareCorrupted:     0 kB
AnonHugePages:    276480 kB
HugePages_Total:       0
HugePages_Free:        0
HugePages_Rsvd:        0
HugePages_Surp:        0
Hugepagesize:       2048 kB
DirectMap4k:     8966116 kB
DirectMap2M:     3614720 kB


CPU:total 8 (4 cores per cpu, 2 threads per core) family 6 model 26 stepping 5, cmov, cx8, fxsr, mmx, sse, sse2, sse3, ssse3, sse4.1, sse4.2, popcnt, ht, tsc, tscinvbit, tscinv

/proc/cpuinfo:
processor	: 0
vendor_id	: GenuineIntel
cpu family	: 6
model		: 26
model name	: Intel(R) Xeon(R) CPU           W3550  @ 3.07GHz
stepping	: 5
microcode	: 0x11
cpu MHz		: 3066.712
cache size	: 8192 KB
physical id	: 0
siblings	: 8
core id		: 0
cpu cores	: 4
apicid		: 0
initial apicid	: 0
fpu		: yes
fpu_exception	: yes
cpuid level	: 11
wp		: yes
flags		: fpu vme de pse tsc msr pae mce cx8 apic sep mtrr pge mca cmov pat pse36 clflush dts acpi mmx fxsr sse sse2 ss ht tm pbe syscall nx rdtscp lm constant_tsc arch_perfmon pebs bts rep_good nopl xtopology nonstop_tsc aperfmperf pni dtes64 monitor ds_cpl vmx est tm2 ssse3 cx16 xtpr pdcm dca sse4_1 sse4_2 popcnt lahf_lm ida dtherm tpr_shadow vnmi flexpriority ept vpid
bogomips	: 6133.42
clflush size	: 64
cache_alignment	: 64
address sizes	: 36 bits physical, 48 bits virtual
power management:

processor	: 1
vendor_id	: GenuineIntel
cpu family	: 6
model		: 26
model name	: Intel(R) Xeon(R) CPU           W3550  @ 3.07GHz
stepping	: 5
microcode	: 0x11
cpu MHz		: 3066.712
cache size	: 8192 KB
physical id	: 0
siblings	: 8
core id		: 1
cpu cores	: 4
apicid		: 2
initial apicid	: 2
fpu		: yes
fpu_exception	: yes
cpuid level	: 11
wp		: yes
flags		: fpu vme de pse tsc msr pae mce cx8 apic sep mtrr pge mca cmov pat pse36 clflush dts acpi mmx fxsr sse sse2 ss ht tm pbe syscall nx rdtscp lm constant_tsc arch_perfmon pebs bts rep_good nopl xtopology nonstop_tsc aperfmperf pni dtes64 monitor ds_cpl vmx est tm2 ssse3 cx16 xtpr pdcm dca sse4_1 sse4_2 popcnt lahf_lm ida dtherm tpr_shadow vnmi flexpriority ept vpid
bogomips	: 6133.42
clflush size	: 64
cache_alignment	: 64
address sizes	: 36 bits physical, 48 bits virtual
power management:

processor	: 2
vendor_id	: GenuineIntel
cpu family	: 6
model		: 26
model name	: Intel(R) Xeon(R) CPU           W3550  @ 3.07GHz
stepping	: 5
microcode	: 0x11
cpu MHz		: 3066.712
cache size	: 8192 KB
physical id	: 0
siblings	: 8
core id		: 2
cpu cores	: 4
apicid		: 4
initial apicid	: 4
fpu		: yes
fpu_exception	: yes
cpuid level	: 11
wp		: yes
flags		: fpu vme de pse tsc msr pae mce cx8 apic sep mtrr pge mca cmov pat pse36 clflush dts acpi mmx fxsr sse sse2 ss ht tm pbe syscall nx rdtscp lm constant_tsc arch_perfmon pebs bts rep_good nopl xtopology nonstop_tsc aperfmperf pni dtes64 monitor ds_cpl vmx est tm2 ssse3 cx16 xtpr pdcm dca sse4_1 sse4_2 popcnt lahf_lm ida dtherm tpr_shadow vnmi flexpriority ept vpid
bogomips	: 6133.42
clflush size	: 64
cache_alignment	: 64
address sizes	: 36 bits physical, 48 bits virtual
power management:

processor	: 3
vendor_id	: GenuineIntel
cpu family	: 6
model		: 26
model name	: Intel(R) Xeon(R) CPU           W3550  @ 3.07GHz
stepping	: 5
microcode	: 0x11
cpu MHz		: 3066.712
cache size	: 8192 KB
physical id	: 0
siblings	: 8
core id		: 3
cpu cores	: 4
apicid		: 6
initial apicid	: 6
fpu		: yes
fpu_exception	: yes
cpuid level	: 11
wp		: yes
flags		: fpu vme de pse tsc msr pae mce cx8 apic sep mtrr pge mca cmov pat pse36 clflush dts acpi mmx fxsr sse sse2 ss ht tm pbe syscall nx rdtscp lm constant_tsc arch_perfmon pebs bts rep_good nopl xtopology nonstop_tsc aperfmperf pni dtes64 monitor ds_cpl vmx est tm2 ssse3 cx16 xtpr pdcm dca sse4_1 sse4_2 popcnt lahf_lm ida dtherm tpr_shadow vnmi flexpriority ept vpid
bogomips	: 6133.42
clflush size	: 64
cache_alignment	: 64
address sizes	: 36 bits physical, 48 bits virtual
power management:

processor	: 4
vendor_id	: GenuineIntel
cpu family	: 6
model		: 26
model name	: Intel(R) Xeon(R) CPU           W3550  @ 3.07GHz
stepping	: 5
microcode	: 0x11
cpu MHz		: 3066.712
cache size	: 8192 KB
physical id	: 0
siblings	: 8
core id		: 0
cpu cores	: 4
apicid		: 1
initial apicid	: 1
fpu		: yes
fpu_exception	: yes
cpuid level	: 11
wp		: yes
flags		: fpu vme de pse tsc msr pae mce cx8 apic sep mtrr pge mca cmov pat pse36 clflush dts acpi mmx fxsr sse sse2 ss ht tm pbe syscall nx rdtscp lm constant_tsc arch_perfmon pebs bts rep_good nopl xtopology nonstop_tsc aperfmperf pni dtes64 monitor ds_cpl vmx est tm2 ssse3 cx16 xtpr pdcm dca sse4_1 sse4_2 popcnt lahf_lm ida dtherm tpr_shadow vnmi flexpriority ept vpid
bogomips	: 6133.42
clflush size	: 64
cache_alignment	: 64
address sizes	: 36 bits physical, 48 bits virtual
power management:

processor	: 5
vendor_id	: GenuineIntel
cpu family	: 6
model		: 26
model name	: Intel(R) Xeon(R) CPU           W3550  @ 3.07GHz
stepping	: 5
microcode	: 0x11
cpu MHz		: 3066.712
cache size	: 8192 KB
physical id	: 0
siblings	: 8
core id		: 1
cpu cores	: 4
apicid		: 3
initial apicid	: 3
fpu		: yes
fpu_exception	: yes
cpuid level	: 11
wp		: yes
flags		: fpu vme de pse tsc msr pae mce cx8 apic sep mtrr pge mca cmov pat pse36 clflush dts acpi mmx fxsr sse sse2 ss ht tm pbe syscall nx rdtscp lm constant_tsc arch_perfmon pebs bts rep_good nopl xtopology nonstop_tsc aperfmperf pni dtes64 monitor ds_cpl vmx est tm2 ssse3 cx16 xtpr pdcm dca sse4_1 sse4_2 popcnt lahf_lm ida dtherm tpr_shadow vnmi flexpriority ept vpid
bogomips	: 6133.42
clflush size	: 64
cache_alignment	: 64
address sizes	: 36 bits physical, 48 bits virtual
power management:

processor	: 6
vendor_id	: GenuineIntel
cpu family	: 6
model		: 26
model name	: Intel(R) Xeon(R) CPU           W3550  @ 3.07GHz
stepping	: 5
microcode	: 0x11
cpu MHz		: 3066.712
cache size	: 8192 KB
physical id	: 0
siblings	: 8
core id		: 2
cpu cores	: 4
apicid		: 5
initial apicid	: 5
fpu		: yes
fpu_exception	: yes
cpuid level	: 11
wp		: yes
flags		: fpu vme de pse tsc msr pae mce cx8 apic sep mtrr pge mca cmov pat pse36 clflush dts acpi mmx fxsr sse sse2 ss ht tm pbe syscall nx rdtscp lm constant_tsc arch_perfmon pebs bts rep_good nopl xtopology nonstop_tsc aperfmperf pni dtes64 monitor ds_cpl vmx est tm2 ssse3 cx16 xtpr pdcm dca sse4_1 sse4_2 popcnt lahf_lm ida dtherm tpr_shadow vnmi flexpriority ept vpid
bogomips	: 6133.42
clflush size	: 64
cache_alignment	: 64
address sizes	: 36 bits physical, 48 bits virtual
power management:

processor	: 7
vendor_id	: GenuineIntel
cpu family	: 6
model		: 26
model name	: Intel(R) Xeon(R) CPU           W3550  @ 3.07GHz
stepping	: 5
microcode	: 0x11
cpu MHz		: 3066.712
cache size	: 8192 KB
physical id	: 0
siblings	: 8
core id		: 3
cpu cores	: 4
apicid		: 7
initial apicid	: 7
fpu		: yes
fpu_exception	: yes
cpuid level	: 11
wp		: yes
flags		: fpu vme de pse tsc msr pae mce cx8 apic sep mtrr pge mca cmov pat pse36 clflush dts acpi mmx fxsr sse sse2 ss ht tm pbe syscall nx rdtscp lm constant_tsc arch_perfmon pebs bts rep_good nopl xtopology nonstop_tsc aperfmperf pni dtes64 monitor ds_cpl vmx est tm2 ssse3 cx16 xtpr pdcm dca sse4_1 sse4_2 popcnt lahf_lm ida dtherm tpr_shadow vnmi flexpriority ept vpid
bogomips	: 6133.42
clflush size	: 64
cache_alignment	: 64
address sizes	: 36 bits physical, 48 bits virtual
power management:



Memory: 4k page, physical 12300324k(206740k free), swap 19729404k(17590772k free)

vm_info: OpenJDK 64-Bit Server VM (24.75-b04) for linux-amd64 JRE (1.7.0_75-b13), built on Jan 27 2015 00:38:59 by "buildd" with gcc 4.8.2

time: Thu Apr 30 16:16:14 2015
elapsed time: 0 seconds

