#
# A fatal error has been detected by the Java Runtime Environment:
#
#  SIGSEGV (0xb) at pc=0x00007fdca736a755, pid=14606, tid=140587092621056
#
# JRE version: OpenJDK Runtime Environment (7.0_75-b13) (build 1.7.0_75-b13)
# Java VM: OpenJDK 64-Bit Server VM (24.75-b04 mixed mode linux-amd64 compressed oops)
# Derivative: IcedTea 2.5.4
# Distribution: Ubuntu 14.04 LTS, package 7u75-2.5.4-1~trusty1
# Problematic frame:
# C  [libcuda.so.1+0x1f4755]
#
# Failed to write core dump. Core dumps have been disabled. To enable core dumping, try "ulimit -c unlimited" before starting Java again
#
# If you would like to submit a bug report, please include
# instructions on how to reproduce the bug and visit:
#   http://icedtea.classpath.org/bugzilla
# The crash happened outside the Java Virtual Machine in native code.
# See problematic frame for where to report the bug.
#

---------------  T H R E A D  ---------------

Current thread (0x00007fdcf400a000):  JavaThread "main" [_thread_in_native, id=14607, stack(0x00007fdcfba73000,0x00007fdcfbb74000)]

siginfo:si_signo=SIGSEGV: si_errno=0, si_code=1 (SEGV_MAPERR), si_addr=0x0000001f26ecd201

Registers:
RAX=0x00000007c16baef0, RBX=0x00007fdcf400aae0, RCX=0x00007fdcfbb72320, RDX=0x0000000000000002
RSP=0x00007fdcfbb72308, RBP=0x00007fdcfbb72370, RSI=0x0000000000000000, RDI=0x0000001f26ecd201
R8 =0x0000000000000000, R9 =0x00007fdcf46e2ea0, R10=0x00007fdcfbb72300, R11=0x00007fdcc4b0b330
R12=0x00007fdcfbb72380, R13=0x000000073a0a9500, R14=0x00007fdcfbb72928, R15=0x00007fdcf400a000
RIP=0x00007fdca736a755, EFLAGS=0x0000000000010297, CSGSFS=0x0000000000000033, ERR=0x0000000000000004
  TRAPNO=0x000000000000000e

Top of Stack: (sp=0x00007fdcfbb72308)
0x00007fdcfbb72308:   00007fdca73791f4 00007fdcf4105520
0x00007fdcfbb72318:   00007fdcc6a7bc4e 00000007c16baef0
0x00007fdcfbb72328:   00007fdcc6a7aa80 0000001f26ecd201
0x00007fdcfbb72338:   0000000100000103 00007fdcf400aae0
0x00007fdcfbb72348:   00007fdcf400aae0 0000000000000000
0x00007fdcfbb72358:   00007fdca72eebef 0000000000000001
0x00007fdcfbb72368:   00007fdca72fc4d4 0000000000000000
0x00007fdcfbb72378:   00007fdca736a8a3 0000000000000000
0x00007fdcfbb72388:   00007fdcf4277320 00007fdcfbb723e0
0x00007fdcfbb72398:   00007fdca72b46c2 00007fdc000003e7
0x00007fdcfbb723a8:   0000000000000001 00007fdcf400aae0
0x00007fdcfbb723b8:   00007fdcf4277320 00007fdcfbb72430
0x00007fdcfbb723c8:   00007fdcfbb72928 00007fdcf400a000
0x00007fdcfbb723d8:   00007fdcc4cd3411 00007fdcf46e4810
0x00007fdcfbb723e8:   00007fdcfbb72400 00007fdcf4106d30
0x00007fdcfbb723f8:   00007fdcf400aae0 0000000000000000
0x00007fdcfbb72408:   000000073a0a9500 00007fdcfbb72928
0x00007fdcfbb72418:   00007fdcc4cc707c 00007fdcfbb7244f
0x00007fdcfbb72428:   00007fdcf4105c10 0000000000000000
0x00007fdcfbb72438:   00007fdcc4cb5014 0000000801b80000
0x00007fdcfbb72448:   00007fdcc4cf2d69 00007fdcf4279828
0x00007fdcfbb72458:   00007fdcf4106d30 00007fdcf400aae0
0x00007fdcfbb72468:   00007fdcc4ceb51d 00007fdcfbb72540
0x00007fdcfbb72478:   00007fdcc6c91260 0000000000000000
0x00007fdcfbb72488:   000000073a0a9500 00007fdcfbb72928
0x00007fdcfbb72498:   00007fdcf400a000 00007fdcfbb72640
0x00007fdcfbb724a8:   00007fdcfb989557 0000000100000005
0x00007fdcfbb724b8:   0000000000000000 0000000100000000
0x00007fdcfbb724c8:   00007fdcc4aba6d0 00007fdcf4279828
0x00007fdcfbb724d8:   00007fdcfbb72640 0000000000000000
0x00007fdcfbb724e8:   00007fdcfb990515 00007fdcfbb72670
0x00007fdcfbb724f8:   0000000000000000 0000000000000000 

Instructions: (pc=0x00007fdca736a755)
0x00007fdca736a735:   74 e4 66 0f 1f 84 00 00 00 00 00 e8 6b a9 63 00
0x00007fdca736a745:   8b 53 0c 39 d5 75 f4 eb cd 66 90 83 fe 04 74 13
0x00007fdca736a755:   83 3f 03 b8 c5 02 00 00 74 11 f3 c3 0f 1f 80 00
0x00007fdca736a765:   00 00 00 31 c0 c3 0f 1f 44 00 00 48 8b 97 98 00 

Register to memory mapping:

RAX=0x00000007c16baef0 is an oop
sun.misc.Launcher$AppClassLoader 
 - klass: 'sun/misc/Launcher$AppClassLoader'
RBX=0x00007fdcf400aae0 is an unknown value
RCX=0x00007fdcfbb72320 is pointing into the stack for thread: 0x00007fdcf400a000
RDX=0x0000000000000002 is an unknown value
RSP=0x00007fdcfbb72308 is pointing into the stack for thread: 0x00007fdcf400a000
RBP=0x00007fdcfbb72370 is pointing into the stack for thread: 0x00007fdcf400a000
RSI=0x0000000000000000 is an unknown value
RDI=0x0000001f26ecd201 is an unknown value
R8 =0x0000000000000000 is an unknown value
R9 =0x00007fdcf46e2ea0 is an unknown value
R10=0x00007fdcfbb72300 is pointing into the stack for thread: 0x00007fdcf400a000
R11=0x00007fdcc4b0b330: cublasDestroy_v2+0 in /usr/local/cuda/lib64/libcublas.so.7.0 at 0x00007fdcc4ab8000
R12=0x00007fdcfbb72380 is pointing into the stack for thread: 0x00007fdcf400a000
R13=0x000000073a0a9500 is an oop
{method} 
 - klass: {other class}
R14=0x00007fdcfbb72928 is pointing into the stack for thread: 0x00007fdcf400a000
R15=0x00007fdcf400a000 is a thread


Stack: [0x00007fdcfba73000,0x00007fdcfbb74000],  sp=0x00007fdcfbb72308,  free space=1020k
Native frames: (J=compiled Java code, j=interpreted, Vv=VM code, C=native code)
C  [libcuda.so.1+0x1f4755]

Java frames: (J=compiled Java code, j=interpreted, Vv=VM code)
j  SVM_J2C.do_cross_validation(Ljava/lang/String;IIIDDDDDIDDIII)V+0
j  SVM_J2C.run([Ljava/lang/String;)V+116
j  SVM_J2C.main([Ljava/lang/String;)V+10
v  ~StubRoutines::call_stub

---------------  P R O C E S S  ---------------

Java Threads: ( => current thread )
  0x00007fdcf40b7000 JavaThread "Service Thread" daemon [_thread_blocked, id=14625, stack(0x00007fdcc6d93000,0x00007fdcc6e94000)]
  0x00007fdcf40b4800 JavaThread "C2 CompilerThread1" daemon [_thread_blocked, id=14624, stack(0x00007fdcc6e94000,0x00007fdcc6f95000)]
  0x00007fdcf40b1800 JavaThread "C2 CompilerThread0" daemon [_thread_blocked, id=14623, stack(0x00007fdcc6f95000,0x00007fdcc7096000)]
  0x00007fdcf40af800 JavaThread "Signal Dispatcher" daemon [_thread_blocked, id=14622, stack(0x00007fdcc7096000,0x00007fdcc7197000)]
  0x00007fdcf4084800 JavaThread "Finalizer" daemon [_thread_blocked, id=14621, stack(0x00007fdcc7879000,0x00007fdcc797a000)]
  0x00007fdcf4082800 JavaThread "Reference Handler" daemon [_thread_blocked, id=14620, stack(0x00007fdcc797a000,0x00007fdcc7a7b000)]
=>0x00007fdcf400a000 JavaThread "main" [_thread_in_native, id=14607, stack(0x00007fdcfba73000,0x00007fdcfbb74000)]

Other Threads:
  0x00007fdcf407e000 VMThread [stack: 0x00007fdcc7a7b000,0x00007fdcc7b7c000] [id=14619]
  0x00007fdcf40c1800 WatcherThread [stack: 0x00007fdcc6c92000,0x00007fdcc6d93000] [id=14626]

VM state:not at safepoint (normal execution)

VM Mutex/Monitor currently owned by a thread: None

Heap
 PSYoungGen      total 56832K, used 1966K [0x00000007c1680000, 0x00000007c5580000, 0x0000000800000000)
  eden space 49152K, 4% used [0x00000007c1680000,0x00000007c186b948,0x00000007c4680000)
  from space 7680K, 0% used [0x00000007c4e00000,0x00000007c4e00000,0x00000007c5580000)
  to   space 7680K, 0% used [0x00000007c4680000,0x00000007c4680000,0x00000007c4e00000)
 ParOldGen       total 128000K, used 0K [0x0000000744400000, 0x000000074c100000, 0x00000007c1680000)
  object space 128000K, 0% used [0x0000000744400000,0x0000000744400000,0x000000074c100000)
 PSPermGen       total 21504K, used 2749K [0x0000000739e00000, 0x000000073b300000, 0x0000000744400000)
  object space 21504K, 12% used [0x0000000739e00000,0x000000073a0af630,0x000000073b300000)

Card table byte_map: [0x00007fdcf808a000,0x00007fdcf86bc000] byte_map_base: 0x00007fdcf46bb000

Polling page: 0x00007fdcfbb98000

Code Cache  [0x00007fdcf1000000, 0x00007fdcf1270000, 0x00007fdcf4000000)
 total_blobs=166 nmethods=0 adapters=136 free_code_cache=48773Kb largest_free_block=49944192

Compilation events (0 events):
No events

GC Heap History (0 events):
No events

Deoptimization events (0 events):
No events

Internal exceptions (10 events):
Event: 0.060 Thread 0x00007fdcf400a000 Threw 0x00000007c168f128 at /build/buildd/openjdk-7-7u75-2.5.4/build/openjdk/hotspot/src/share/vm/prims/jni.cpp:3995
Event: 0.092 Thread 0x00007fdcf400a000 Threw 0x00000007c16c54a8 at /build/buildd/openjdk-7-7u75-2.5.4/build/openjdk/hotspot/src/share/vm/prims/jni.cpp:721
Event: 0.092 Thread 0x00007fdcf400a000 Threw 0x00000007c16c5628 at /build/buildd/openjdk-7-7u75-2.5.4/build/openjdk/hotspot/src/share/vm/prims/jvm.cpp:1284
Event: 0.092 Thread 0x00007fdcf400a000 Threw 0x00000007c16c5750 at /build/buildd/openjdk-7-7u75-2.5.4/build/openjdk/hotspot/src/share/vm/prims/jvm.cpp:1284
Event: 0.093 Thread 0x00007fdcf400a000 Threw 0x00000007c16c88c8 at /build/buildd/openjdk-7-7u75-2.5.4/build/openjdk/hotspot/src/share/vm/prims/jvm.cpp:1284
Event: 0.096 Thread 0x00007fdcf400a000 Threw 0x00000007c16cf150 at /build/buildd/openjdk-7-7u75-2.5.4/build/openjdk/hotspot/src/share/vm/prims/jvm.cpp:1284
Event: 0.098 Thread 0x00007fdcf400a000 Threw 0x00000007c16d2b78 at /build/buildd/openjdk-7-7u75-2.5.4/build/openjdk/hotspot/src/share/vm/prims/jvm.cpp:1284
Event: 0.098 Thread 0x00007fdcf400a000 Threw 0x00000007c16d4280 at /build/buildd/openjdk-7-7u75-2.5.4/build/openjdk/hotspot/src/share/vm/prims/jvm.cpp:1284
Event: 0.098 Thread 0x00007fdcf400a000 Threw 0x00000007c16d6440 at /build/buildd/openjdk-7-7u75-2.5.4/build/openjdk/hotspot/src/share/vm/prims/jvm.cpp:1284
Event: 0.099 Thread 0x00007fdcf400a000 Threw 0x00000007c16da008 at /build/buildd/openjdk-7-7u75-2.5.4/build/openjdk/hotspot/src/share/vm/prims/jvm.cpp:1284

Events (10 events):
Event: 0.098 loading class 0x00007fdcf41062e0
Event: 0.098 loading class 0x00007fdcf41062e0 done
Event: 0.098 loading class 0x00007fdcf4106210
Event: 0.098 loading class 0x00007fdcf4106210 done
Event: 0.098 loading class 0x00007fdcf0375eb0
Event: 0.098 loading class 0x00007fdcf0375eb0 done
Event: 0.098 loading class 0x00007fdcf41064d0
Event: 0.098 loading class 0x00007fdcf41064d0 done
Event: 0.099 loading class 0x00007fdcf414ea40
Event: 0.099 loading class 0x00007fdcf414ea40 done


Dynamic libraries:
00400000-00401000 r-xp 00000000 08:01 29367489                           /usr/lib/jvm/java-7-openjdk-amd64/jre/bin/java
00600000-00601000 r--p 00000000 08:01 29367489                           /usr/lib/jvm/java-7-openjdk-amd64/jre/bin/java
00601000-00602000 rw-p 00001000 08:01 29367489                           /usr/lib/jvm/java-7-openjdk-amd64/jre/bin/java
01101000-01122000 rw-p 00000000 00:00 0                                  [heap]
200000000-200100000 rw-s 1fa35b000 00:05 15587                           /dev/nvidiactl
200100000-203100000 ---p 00000000 00:00 0 
203100000-203200000 rw-s 10a6c3000 00:05 15587                           /dev/nvidiactl
203200000-203300000 ---p 00000000 00:00 0 
203300000-203400000 rw-s 10ad5a000 00:05 15587                           /dev/nvidiactl
203400000-600000000 ---p 00000000 00:00 0 
739e00000-73b300000 rw-p 00000000 00:00 0 
73b300000-744400000 rw-p 00000000 00:00 0 
744400000-74c100000 rw-p 00000000 00:00 0 
74c100000-7c1680000 rw-p 00000000 00:00 0 
7c1680000-7c5580000 rw-p 00000000 00:00 0 
7c5580000-800000000 rw-p 00000000 00:00 0 
800000000-c00000000 ---p 00000000 00:00 0 
7fdc94000000-7fdc944e9000 rw-p 00000000 00:00 0 
7fdc944e9000-7fdc98000000 ---p 00000000 00:00 0 
7fdc9b8e2000-7fdc9ba02000 rw-p 00000000 00:00 0 
7fdc9bb22000-7fdc9bc00000 rw-s 10ac88000 00:05 15587                     /dev/nvidiactl
7fdc9bc00000-7fdc9c000000 rw-s 10b132000 00:05 15587                     /dev/nvidiactl
7fdc9c000000-7fdc9c021000 rw-p 00000000 00:00 0 
7fdc9c021000-7fdca0000000 ---p 00000000 00:00 0 
7fdca0000000-7fdca0021000 rw-p 00000000 00:00 0 
7fdca0021000-7fdca4000000 ---p 00000000 00:00 0 
7fdca400e000-7fdca4075000 rw-p 00000000 00:00 0 
7fdca4075000-7fdca4175000 rw-s 2746e000 00:05 15587                      /dev/nvidiactl
7fdca4175000-7fdca4575000 rw-s 13b4c000 00:05 15587                      /dev/nvidiactl
7fdca4575000-7fdca4975000 rw-s 102584000 00:05 15587                     /dev/nvidiactl
7fdca4975000-7fdca4d75000 rw-s 10f02e000 00:05 15587                     /dev/nvidiactl
7fdca4d75000-7fdca5175000 rw-s 1005ab000 00:05 15587                     /dev/nvidiactl
7fdca5175000-7fdca5575000 rw-s 73812000 00:05 15587                      /dev/nvidiactl
7fdca5575000-7fdca5975000 rw-s 100952000 00:05 15587                     /dev/nvidiactl
7fdca5975000-7fdca5d75000 rw-s 107771000 00:05 15587                     /dev/nvidiactl
7fdca5d75000-7fdca6175000 rw-s 100a44000 00:05 15587                     /dev/nvidiactl
7fdca6175000-7fdca6575000 rw-s 0897d000 00:05 15587                      /dev/nvidiactl
7fdca6575000-7fdca6975000 rw-s 100abd000 00:05 15587                     /dev/nvidiactl
7fdca6975000-7fdca6976000 ---p 00000000 00:00 0 
7fdca6976000-7fdca7176000 rwxp 00000000 00:00 0                          [stack:14636]
7fdca7176000-7fdca7c3a000 r-xp 00000000 08:01 21366578                   /usr/lib/x86_64-linux-gnu/libcuda.so.346.46
7fdca7c3a000-7fdca7e39000 ---p 00ac4000 08:01 21366578                   /usr/lib/x86_64-linux-gnu/libcuda.so.346.46
7fdca7e39000-7fdca7feb000 rw-p 00ac3000 08:01 21366578                   /usr/lib/x86_64-linux-gnu/libcuda.so.346.46
7fdca7feb000-7fdca8000000 rw-p 00000000 00:00 0 
7fdca8000000-7fdca8021000 rw-p 00000000 00:00 0 
7fdca8021000-7fdcac000000 ---p 00000000 00:00 0 
7fdcac000000-7fdcac021000 rw-p 00000000 00:00 0 
7fdcac021000-7fdcb0000000 ---p 00000000 00:00 0 
7fdcb0000000-7fdcb0021000 rw-p 00000000 00:00 0 
7fdcb0021000-7fdcb4000000 ---p 00000000 00:00 0 
7fdcb4000000-7fdcb4021000 rw-p 00000000 00:00 0 
7fdcb4021000-7fdcb8000000 ---p 00000000 00:00 0 
7fdcb8000000-7fdcb8021000 rw-p 00000000 00:00 0 
7fdcb8021000-7fdcbc000000 ---p 00000000 00:00 0 
7fdcbc000000-7fdcbc021000 rw-p 00000000 00:00 0 
7fdcbc021000-7fdcc0000000 ---p 00000000 00:00 0 
7fdcc0000000-7fdcc0021000 rw-p 00000000 00:00 0 
7fdcc0021000-7fdcc4000000 ---p 00000000 00:00 0 
7fdcc4040000-7fdcc4140000 rw-s 0cbda000 00:05 15587                      /dev/nvidiactl
7fdcc4140000-7fdcc4240000 rw-s 10be8a000 00:05 15587                     /dev/nvidiactl
7fdcc4240000-7fdcc4260000 rw-s e05e0000 00:05 9745                       /dev/nvidia1
7fdcc4260000-7fdcc4280000 rw-s e05c0000 00:05 9745                       /dev/nvidia1
7fdcc4280000-7fdcc42a0000 rw-s e05a0000 00:05 9745                       /dev/nvidia1
7fdcc42a0000-7fdcc42c0000 rw-s e0580000 00:05 9745                       /dev/nvidia1
7fdcc42c0000-7fdcc42e0000 rw-s e0560000 00:05 9745                       /dev/nvidia1
7fdcc42e0000-7fdcc4300000 rw-s e0540000 00:05 9745                       /dev/nvidia1
7fdcc4300000-7fdcc4320000 rw-s e0520000 00:05 9745                       /dev/nvidia1
7fdcc4320000-7fdcc4340000 rw-s e0500000 00:05 9745                       /dev/nvidia1
7fdcc4340000-7fdcc4360000 rw-s e04e0000 00:05 9745                       /dev/nvidia1
7fdcc4360000-7fdcc4380000 rw-s e04c0000 00:05 9745                       /dev/nvidia1
7fdcc4380000-7fdcc43a0000 rw-s e04a0000 00:05 9745                       /dev/nvidia1
7fdcc43a0000-7fdcc47a0000 rw-s 1005eb000 00:05 15587                     /dev/nvidiactl
7fdcc47a0000-7fdcc47c0000 rw-s e0480000 00:05 9745                       /dev/nvidia1
7fdcc483a000-7fdcc485b000 rw-p 00000000 00:00 0 
7fdcc485b000-7fdcc48b4000 r-xp 00000000 08:01 24381063                   /usr/local/cuda-7.0/lib64/libcudart.so.7.0.28
7fdcc48b4000-7fdcc4ab4000 ---p 00059000 08:01 24381063                   /usr/local/cuda-7.0/lib64/libcudart.so.7.0.28
7fdcc4ab4000-7fdcc4ab7000 rw-p 00059000 08:01 24381063                   /usr/local/cuda-7.0/lib64/libcudart.so.7.0.28
7fdcc4ab7000-7fdcc4ab8000 rw-p 00000000 00:00 0 
7fdcc4ab8000-7fdcc6864000 r-xp 00000000 08:01 24381066                   /usr/local/cuda-7.0/lib64/libcublas.so.7.0.28
7fdcc6864000-7fdcc6a64000 ---p 01dac000 08:01 24381066                   /usr/local/cuda-7.0/lib64/libcublas.so.7.0.28
7fdcc6a64000-7fdcc6a6f000 rw-p 01dac000 08:01 24381066                   /usr/local/cuda-7.0/lib64/libcublas.so.7.0.28
7fdcc6a6f000-7fdcc6a7a000 rw-p 00000000 00:00 0 
7fdcc6a7a000-7fdcc6a90000 r-xp 00000000 08:01 24252596                   /home/chen/SVM_GPU/src/libSVM_GPU.so
7fdcc6a90000-7fdcc6c90000 ---p 00016000 08:01 24252596                   /home/chen/SVM_GPU/src/libSVM_GPU.so
7fdcc6c90000-7fdcc6c91000 r--p 00016000 08:01 24252596                   /home/chen/SVM_GPU/src/libSVM_GPU.so
7fdcc6c91000-7fdcc6c92000 rw-p 00017000 08:01 24252596                   /home/chen/SVM_GPU/src/libSVM_GPU.so
7fdcc6c92000-7fdcc6c93000 ---p 00000000 00:00 0 
7fdcc6c93000-7fdcc6e94000 rwxp 00000000 00:00 0                          [stack:14625]
7fdcc6e94000-7fdcc6e95000 ---p 00000000 00:00 0 
7fdcc6e95000-7fdcc6f95000 rwxp 00000000 00:00 0                          [stack:14624]
7fdcc6f95000-7fdcc6f96000 ---p 00000000 00:00 0 
7fdcc6f96000-7fdcc7197000 rwxp 00000000 00:00 0                          [stack:14622]
7fdcc7197000-7fdcc7879000 r--p 00000000 08:01 21371400                   /usr/lib/locale/locale-archive
7fdcc7879000-7fdcc7a7b000 rwxp 00000000 00:00 0                          [stack:14620]
7fdcc7a7b000-7fdcc7a7c000 ---p 00000000 00:00 0 
7fdcc7a7c000-7fdcc7b7c000 rwxp 00000000 00:00 0                          [stack:14619]
7fdcc7b7c000-7fdcd0000000 rw-p 00000000 00:00 0 
7fdcd0000000-7fdcd0021000 rw-p 00000000 00:00 0 
7fdcd0021000-7fdcd4000000 ---p 00000000 00:00 0 
7fdcd4000000-7fdcd4021000 rw-p 00000000 00:00 0 
7fdcd4021000-7fdcd8000000 ---p 00000000 00:00 0 
7fdcd8000000-7fdcd8021000 rw-p 00000000 00:00 0 
7fdcd8021000-7fdcdc000000 ---p 00000000 00:00 0 
7fdcdc000000-7fdcdc021000 rw-p 00000000 00:00 0 
7fdcdc021000-7fdce0000000 ---p 00000000 00:00 0 
7fdce0000000-7fdce0021000 rw-p 00000000 00:00 0 
7fdce0021000-7fdce4000000 ---p 00000000 00:00 0 
7fdce4000000-7fdce4021000 rw-p 00000000 00:00 0 
7fdce4021000-7fdce8000000 ---p 00000000 00:00 0 
7fdce8000000-7fdce8021000 rw-p 00000000 00:00 0 
7fdce8021000-7fdcec000000 ---p 00000000 00:00 0 
7fdcec000000-7fdcec021000 rw-p 00000000 00:00 0 
7fdcec021000-7fdcf0000000 ---p 00000000 00:00 0 
7fdcf0003000-7fdcf014d000 rw-p 00000000 00:00 0 
7fdcf014d000-7fdcf02ff000 r--s 01d23000 08:01 29367423                   /usr/lib/jvm/java-7-openjdk-amd64/jre/lib/rt.jar
7fdcf02ff000-7fdcf040e000 rw-p 00000000 00:00 0 
7fdcf040e000-7fdcf040f000 ---p 00000000 00:00 0 
7fdcf040f000-7fdcf050f000 rwxp 00000000 00:00 0                          [stack:14615]
7fdcf050f000-7fdcf0510000 ---p 00000000 00:00 0 
7fdcf0510000-7fdcf0610000 rwxp 00000000 00:00 0                          [stack:14614]
7fdcf0610000-7fdcf0611000 ---p 00000000 00:00 0 
7fdcf0611000-7fdcf0711000 rwxp 00000000 00:00 0                          [stack:14613]
7fdcf0711000-7fdcf0712000 ---p 00000000 00:00 0 
7fdcf0712000-7fdcf0812000 rwxp 00000000 00:00 0                          [stack:14612]
7fdcf0812000-7fdcf0813000 ---p 00000000 00:00 0 
7fdcf0813000-7fdcf0913000 rwxp 00000000 00:00 0                          [stack:14611]
7fdcf0913000-7fdcf0914000 ---p 00000000 00:00 0 
7fdcf0914000-7fdcf0a14000 rwxp 00000000 00:00 0                          [stack:14610]
7fdcf0a14000-7fdcf0a15000 ---p 00000000 00:00 0 
7fdcf0a15000-7fdcf0b15000 rwxp 00000000 00:00 0                          [stack:14609]
7fdcf0b15000-7fdcf0b16000 ---p 00000000 00:00 0 
7fdcf0b16000-7fdcf0c16000 rwxp 00000000 00:00 0                          [stack:14608]
7fdcf0c16000-7fdcf0c55000 rw-p 00000000 00:00 0 
7fdcf0c55000-7fdcf1000000 rw-p 00000000 00:00 0 
7fdcf1000000-7fdcf1270000 rwxp 00000000 00:00 0 
7fdcf1270000-7fdcf8000000 rw-p 00000000 00:00 0 
7fdcf800f000-7fdcf8042000 rw-p 00000000 00:00 0 
7fdcf8042000-7fdcf808a000 rw-p 00000000 00:00 0 
7fdcf808a000-7fdcf8095000 rw-p 00000000 00:00 0 
7fdcf8095000-7fdcf80dd000 rw-p 00000000 00:00 0 
7fdcf80dd000-7fdcf811c000 rw-p 00000000 00:00 0 
7fdcf811c000-7fdcf84c6000 rw-p 00000000 00:00 0 
7fdcf84c6000-7fdcf84e6000 rw-p 00000000 00:00 0 
7fdcf84e6000-7fdcf86bb000 rw-p 00000000 00:00 0 
7fdcf86bb000-7fdcf86bc000 rw-p 00000000 00:00 0 
7fdcf86bc000-7fdcf86c4000 r-xp 00000000 08:01 29367485                   /usr/lib/jvm/java-7-openjdk-amd64/jre/lib/amd64/libzip.so
7fdcf86c4000-7fdcf88c3000 ---p 00008000 08:01 29367485                   /usr/lib/jvm/java-7-openjdk-amd64/jre/lib/amd64/libzip.so
7fdcf88c3000-7fdcf88c4000 r--p 00007000 08:01 29367485                   /usr/lib/jvm/java-7-openjdk-amd64/jre/lib/amd64/libzip.so
7fdcf88c4000-7fdcf88c5000 rw-p 00008000 08:01 29367485                   /usr/lib/jvm/java-7-openjdk-amd64/jre/lib/amd64/libzip.so
7fdcf88c5000-7fdcf88d0000 r-xp 00000000 08:01 17694893                   /lib/x86_64-linux-gnu/libnss_files-2.19.so
7fdcf88d0000-7fdcf8acf000 ---p 0000b000 08:01 17694893                   /lib/x86_64-linux-gnu/libnss_files-2.19.so
7fdcf8acf000-7fdcf8ad0000 r--p 0000a000 08:01 17694893                   /lib/x86_64-linux-gnu/libnss_files-2.19.so
7fdcf8ad0000-7fdcf8ad1000 rw-p 0000b000 08:01 17694893                   /lib/x86_64-linux-gnu/libnss_files-2.19.so
7fdcf8ad1000-7fdcf8adc000 r-xp 00000000 08:01 17694913                   /lib/x86_64-linux-gnu/libnss_nis-2.19.so
7fdcf8adc000-7fdcf8cdb000 ---p 0000b000 08:01 17694913                   /lib/x86_64-linux-gnu/libnss_nis-2.19.so
7fdcf8cdb000-7fdcf8cdc000 r--p 0000a000 08:01 17694913                   /lib/x86_64-linux-gnu/libnss_nis-2.19.so
7fdcf8cdc000-7fdcf8cdd000 rw-p 0000b000 08:01 17694913                   /lib/x86_64-linux-gnu/libnss_nis-2.19.so
7fdcf8cdd000-7fdcf8cf4000 r-xp 00000000 08:01 17694902                   /lib/x86_64-linux-gnu/libnsl-2.19.so
7fdcf8cf4000-7fdcf8ef3000 ---p 00017000 08:01 17694902                   /lib/x86_64-linux-gnu/libnsl-2.19.so
7fdcf8ef3000-7fdcf8ef4000 r--p 00016000 08:01 17694902                   /lib/x86_64-linux-gnu/libnsl-2.19.so
7fdcf8ef4000-7fdcf8ef5000 rw-p 00017000 08:01 17694902                   /lib/x86_64-linux-gnu/libnsl-2.19.so
7fdcf8ef5000-7fdcf8ef7000 rw-p 00000000 00:00 0 
7fdcf8ef7000-7fdcf8f00000 r-xp 00000000 08:01 17694901                   /lib/x86_64-linux-gnu/libnss_compat-2.19.so
7fdcf8f00000-7fdcf90ff000 ---p 00009000 08:01 17694901                   /lib/x86_64-linux-gnu/libnss_compat-2.19.so
7fdcf90ff000-7fdcf9100000 r--p 00008000 08:01 17694901                   /lib/x86_64-linux-gnu/libnss_compat-2.19.so
7fdcf9100000-7fdcf9101000 rw-p 00009000 08:01 17694901                   /lib/x86_64-linux-gnu/libnss_compat-2.19.so
7fdcf9101000-7fdcf912c000 r-xp 00000000 08:01 29367469                   /usr/lib/jvm/java-7-openjdk-amd64/jre/lib/amd64/libjava.so
7fdcf912c000-7fdcf932c000 ---p 0002b000 08:01 29367469                   /usr/lib/jvm/java-7-openjdk-amd64/jre/lib/amd64/libjava.so
7fdcf932c000-7fdcf932d000 r--p 0002b000 08:01 29367469                   /usr/lib/jvm/java-7-openjdk-amd64/jre/lib/amd64/libjava.so
7fdcf932d000-7fdcf932f000 rw-p 0002c000 08:01 29367469                   /usr/lib/jvm/java-7-openjdk-amd64/jre/lib/amd64/libjava.so
7fdcf932f000-7fdcf933f000 r-xp 00000000 08:01 29367468                   /usr/lib/jvm/java-7-openjdk-amd64/jre/lib/amd64/libverify.so
7fdcf933f000-7fdcf953e000 ---p 00010000 08:01 29367468                   /usr/lib/jvm/java-7-openjdk-amd64/jre/lib/amd64/libverify.so
7fdcf953e000-7fdcf9540000 r--p 0000f000 08:01 29367468                   /usr/lib/jvm/java-7-openjdk-amd64/jre/lib/amd64/libverify.so
7fdcf9540000-7fdcf9541000 rw-p 00011000 08:01 29367468                   /usr/lib/jvm/java-7-openjdk-amd64/jre/lib/amd64/libverify.so
7fdcf9541000-7fdcf9548000 r-xp 00000000 08:01 17694910                   /lib/x86_64-linux-gnu/librt-2.19.so
7fdcf9548000-7fdcf9747000 ---p 00007000 08:01 17694910                   /lib/x86_64-linux-gnu/librt-2.19.so
7fdcf9747000-7fdcf9748000 r--p 00006000 08:01 17694910                   /lib/x86_64-linux-gnu/librt-2.19.so
7fdcf9748000-7fdcf9749000 rw-p 00007000 08:01 17694910                   /lib/x86_64-linux-gnu/librt-2.19.so
7fdcf9749000-7fdcf975f000 r-xp 00000000 08:01 17698662                   /lib/x86_64-linux-gnu/libgcc_s.so.1
7fdcf975f000-7fdcf995e000 ---p 00016000 08:01 17698662                   /lib/x86_64-linux-gnu/libgcc_s.so.1
7fdcf995e000-7fdcf995f000 rw-p 00015000 08:01 17698662                   /lib/x86_64-linux-gnu/libgcc_s.so.1
7fdcf995f000-7fdcf9a64000 r-xp 00000000 08:01 17694892                   /lib/x86_64-linux-gnu/libm-2.19.so
7fdcf9a64000-7fdcf9c63000 ---p 00105000 08:01 17694892                   /lib/x86_64-linux-gnu/libm-2.19.so
7fdcf9c63000-7fdcf9c64000 r--p 00104000 08:01 17694892                   /lib/x86_64-linux-gnu/libm-2.19.so
7fdcf9c64000-7fdcf9c65000 rw-p 00105000 08:01 17694892                   /lib/x86_64-linux-gnu/libm-2.19.so
7fdcf9c65000-7fdcf9d4b000 r-xp 00000000 08:01 21373195                   /usr/lib/x86_64-linux-gnu/libstdc++.so.6.0.19
7fdcf9d4b000-7fdcf9f4a000 ---p 000e6000 08:01 21373195                   /usr/lib/x86_64-linux-gnu/libstdc++.so.6.0.19
7fdcf9f4a000-7fdcf9f52000 r--p 000e5000 08:01 21373195                   /usr/lib/x86_64-linux-gnu/libstdc++.so.6.0.19
7fdcf9f52000-7fdcf9f54000 rw-p 000ed000 08:01 21373195                   /usr/lib/x86_64-linux-gnu/libstdc++.so.6.0.19
7fdcf9f54000-7fdcf9f69000 rw-p 00000000 00:00 0 
7fdcf9f69000-7fdcfaa81000 r-xp 00000000 08:01 29367474                   /usr/lib/jvm/java-7-openjdk-amd64/jre/lib/amd64/server/libjvm.so
7fdcfaa81000-7fdcfac81000 ---p 00b18000 08:01 29367474                   /usr/lib/jvm/java-7-openjdk-amd64/jre/lib/amd64/server/libjvm.so
7fdcfac81000-7fdcfad1b000 r--p 00b18000 08:01 29367474                   /usr/lib/jvm/java-7-openjdk-amd64/jre/lib/amd64/server/libjvm.so
7fdcfad1b000-7fdcfad3e000 rw-p 00bb2000 08:01 29367474                   /usr/lib/jvm/java-7-openjdk-amd64/jre/lib/amd64/server/libjvm.so
7fdcfad3e000-7fdcfad6c000 rw-p 00000000 00:00 0 
7fdcfad6c000-7fdcfad84000 r-xp 00000000 08:01 17698848                   /lib/x86_64-linux-gnu/libz.so.1.2.8
7fdcfad84000-7fdcfaf83000 ---p 00018000 08:01 17698848                   /lib/x86_64-linux-gnu/libz.so.1.2.8
7fdcfaf83000-7fdcfaf84000 r--p 00017000 08:01 17698848                   /lib/x86_64-linux-gnu/libz.so.1.2.8
7fdcfaf84000-7fdcfaf85000 rw-p 00018000 08:01 17698848                   /lib/x86_64-linux-gnu/libz.so.1.2.8
7fdcfaf85000-7fdcfaf9e000 r-xp 00000000 08:01 17694908                   /lib/x86_64-linux-gnu/libpthread-2.19.so
7fdcfaf9e000-7fdcfb19d000 ---p 00019000 08:01 17694908                   /lib/x86_64-linux-gnu/libpthread-2.19.so
7fdcfb19d000-7fdcfb19e000 r--p 00018000 08:01 17694908                   /lib/x86_64-linux-gnu/libpthread-2.19.so
7fdcfb19e000-7fdcfb19f000 rw-p 00019000 08:01 17694908                   /lib/x86_64-linux-gnu/libpthread-2.19.so
7fdcfb19f000-7fdcfb1a3000 rw-p 00000000 00:00 0 
7fdcfb1a3000-7fdcfb1a6000 r-xp 00000000 08:01 17694896                   /lib/x86_64-linux-gnu/libdl-2.19.so
7fdcfb1a6000-7fdcfb3a5000 ---p 00003000 08:01 17694896                   /lib/x86_64-linux-gnu/libdl-2.19.so
7fdcfb3a5000-7fdcfb3a6000 r--p 00002000 08:01 17694896                   /lib/x86_64-linux-gnu/libdl-2.19.so
7fdcfb3a6000-7fdcfb3a7000 rw-p 00003000 08:01 17694896                   /lib/x86_64-linux-gnu/libdl-2.19.so
7fdcfb3a7000-7fdcfb562000 r-xp 00000000 08:01 17694907                   /lib/x86_64-linux-gnu/libc-2.19.so
7fdcfb562000-7fdcfb761000 ---p 001bb000 08:01 17694907                   /lib/x86_64-linux-gnu/libc-2.19.so
7fdcfb761000-7fdcfb765000 r--p 001ba000 08:01 17694907                   /lib/x86_64-linux-gnu/libc-2.19.so
7fdcfb765000-7fdcfb767000 rw-p 001be000 08:01 17694907                   /lib/x86_64-linux-gnu/libc-2.19.so
7fdcfb767000-7fdcfb76c000 rw-p 00000000 00:00 0 
7fdcfb76c000-7fdcfb779000 r-xp 00000000 08:01 29367451                   /usr/lib/jvm/java-7-openjdk-amd64/jre/lib/amd64/jli/libjli.so
7fdcfb779000-7fdcfb978000 ---p 0000d000 08:01 29367451                   /usr/lib/jvm/java-7-openjdk-amd64/jre/lib/amd64/jli/libjli.so
7fdcfb978000-7fdcfb979000 r--p 0000c000 08:01 29367451                   /usr/lib/jvm/java-7-openjdk-amd64/jre/lib/amd64/jli/libjli.so
7fdcfb979000-7fdcfb97a000 rw-p 0000d000 08:01 29367451                   /usr/lib/jvm/java-7-openjdk-amd64/jre/lib/amd64/jli/libjli.so
7fdcfb97a000-7fdcfb99d000 r-xp 00000000 08:01 17694904                   /lib/x86_64-linux-gnu/ld-2.19.so
7fdcfb99d000-7fdcfb99e000 rw-p 00000000 00:00 0 
7fdcfb99e000-7fdcfb99f000 rw-s efee6000 00:05 9745                       /dev/nvidia1
7fdcfb99f000-7fdcfb9a0000 rw-s 10a6bd000 00:05 15587                     /dev/nvidiactl
7fdcfb9a0000-7fdcfb9a1000 rw-s efee5000 00:05 9745                       /dev/nvidia1
7fdcfb9a1000-7fdcfb9a2000 rw-s 10b113000 00:05 15587                     /dev/nvidiactl
7fdcfb9a2000-7fdcfb9a3000 rw-s efee5000 00:05 9745                       /dev/nvidia1
7fdcfb9a3000-7fdcfb9a4000 rw-s 0b29d000 00:05 15587                      /dev/nvidiactl
7fdcfb9a4000-7fdcfb9a5000 rw-s efee5000 00:05 9745                       /dev/nvidia1
7fdcfb9a5000-7fdcfb9a6000 rw-s 102570000 00:05 15587                     /dev/nvidiactl
7fdcfb9a6000-7fdcfb9a7000 rw-s efee5000 00:05 9745                       /dev/nvidia1
7fdcfb9a7000-7fdcfb9a8000 rw-s 10b8ed000 00:05 15587                     /dev/nvidiactl
7fdcfb9a8000-7fdcfb9a9000 rw-s efee5000 00:05 9745                       /dev/nvidia1
7fdcfb9a9000-7fdcfb9aa000 rw-s 10058c000 00:05 15587                     /dev/nvidiactl
7fdcfb9aa000-7fdcfb9ab000 rw-s efee5000 00:05 9745                       /dev/nvidia1
7fdcfb9ab000-7fdcfb9ac000 rw-s 21dde000 00:05 15587                      /dev/nvidiactl
7fdcfb9ac000-7fdcfb9ad000 rw-s efee5000 00:05 9745                       /dev/nvidia1
7fdcfb9ad000-7fdcfb9ae000 rw-s 100bd3000 00:05 15587                     /dev/nvidiactl
7fdcfb9ae000-7fdcfb9af000 rw-s efee5000 00:05 9745                       /dev/nvidia1
7fdcfb9af000-7fdcfb9b0000 rw-s 10bb72000 00:05 15587                     /dev/nvidiactl
7fdcfb9b0000-7fdcfb9b1000 rw-s efee4000 00:05 9745                       /dev/nvidia1
7fdcfb9b1000-7fdcfb9b2000 rw-s 100531000 00:05 15587                     /dev/nvidiactl
7fdcfb9b2000-7fdcfb9b3000 rw-s efee4000 00:05 9745                       /dev/nvidia1
7fdcfb9b3000-7fdcfb9bd000 rw-p 00000000 00:00 0 
7fdcfb9bd000-7fdcfba73000 rw-p 00000000 00:00 0 
7fdcfba73000-7fdcfba74000 ---p 00000000 00:00 0 
7fdcfba74000-7fdcfbb74000 rwxp 00000000 00:00 0                          [stack:14607]
7fdcfbb74000-7fdcfbb78000 rw-p 00000000 00:00 0 
7fdcfbb78000-7fdcfbb79000 rw-s 0df21000 00:05 15587                      /dev/nvidiactl
7fdcfbb79000-7fdcfbb7a000 rw-s efee4000 00:05 9745                       /dev/nvidia1
7fdcfbb7a000-7fdcfbb7b000 rw-s 100aa1000 00:05 15587                     /dev/nvidiactl
7fdcfbb7b000-7fdcfbb7c000 rw-p 00000000 00:00 0 
7fdcfbb7c000-7fdcfbb7f000 r--s 00086000 08:01 29367432                   /usr/lib/jvm/java-7-openjdk-amd64/jre/lib/ext/localedata.jar
7fdcfbb7f000-7fdcfbb82000 r--s 0000f000 08:01 29367427                   /usr/lib/jvm/java-7-openjdk-amd64/jre/lib/ext/icedtea-sound.jar
7fdcfbb82000-7fdcfbb86000 r--s 0003c000 08:01 29367428                   /usr/lib/jvm/java-7-openjdk-amd64/jre/lib/ext/sunpkcs11.jar
7fdcfbb86000-7fdcfbb88000 r--s 00012000 08:01 29367430                   /usr/lib/jvm/java-7-openjdk-amd64/jre/lib/ext/zipfs.jar
7fdcfbb88000-7fdcfbb89000 r--s 00002000 08:01 29367431                   /usr/lib/jvm/java-7-openjdk-amd64/jre/lib/ext/dnsns.jar
7fdcfbb89000-7fdcfbb8d000 r--s 00034000 08:01 29367429                   /usr/lib/jvm/java-7-openjdk-amd64/jre/lib/ext/sunjce_provider.jar
7fdcfbb8d000-7fdcfbb8f000 r--s 00006000 08:01 21764431                   /usr/share/java/java-atk-wrapper.jar
7fdcfbb8f000-7fdcfbb97000 rw-s 00000000 08:01 37749139                   /tmp/hsperfdata_chen/14606
7fdcfbb97000-7fdcfbb98000 rw-p 00000000 00:00 0 
7fdcfbb98000-7fdcfbb99000 r--p 00000000 00:00 0 
7fdcfbb99000-7fdcfbb9c000 rw-p 00000000 00:00 0 
7fdcfbb9c000-7fdcfbb9d000 r--p 00022000 08:01 17694904                   /lib/x86_64-linux-gnu/ld-2.19.so
7fdcfbb9d000-7fdcfbb9e000 rw-p 00023000 08:01 17694904                   /lib/x86_64-linux-gnu/ld-2.19.so
7fdcfbb9e000-7fdcfbb9f000 rw-p 00000000 00:00 0 
7ffc6752e000-7ffc6754f000 rwxp 00000000 00:00 0                          [stack]
7ffc6759c000-7ffc6759e000 r-xp 00000000 00:00 0                          [vdso]
ffffffffff600000-ffffffffff601000 r-xp 00000000 00:00 0                  [vsyscall]

VM Arguments:
java_command: SVM_J2C -v 5 /home/chen/dataset/123/62
Launcher Type: SUN_STANDARD

Environment Variables:
PATH=/usr/local/cuda-7.0/bin:/usr/local/sbin:/usr/local/bin:/usr/sbin:/usr/bin:/sbin:/bin:/usr/games:/usr/local/games
LD_LIBRARY_PATH=/usr/local/cuda/lib64/:/usr/local/cuda/lib/:/usr/local/cuda-7.0/lib64/:/usr/local/cuda-7.0/lib/:
SHELL=/bin/bash

Signal Handlers:
SIGSEGV: [libjvm.so+0x94b4b0], sa_mask[0]=0x7ffbfeff, sa_flags=0x10000004
SIGBUS: [libjvm.so+0x94b4b0], sa_mask[0]=0x7ffbfeff, sa_flags=0x10000004
SIGFPE: [libjvm.so+0x7c3390], sa_mask[0]=0x7ffbfeff, sa_flags=0x10000004
SIGPIPE: [libjvm.so+0x7c3390], sa_mask[0]=0x7ffbfeff, sa_flags=0x10000004
SIGXFSZ: [libjvm.so+0x7c3390], sa_mask[0]=0x7ffbfeff, sa_flags=0x10000004
SIGILL: [libjvm.so+0x7c3390], sa_mask[0]=0x7ffbfeff, sa_flags=0x10000004
SIGUSR1: SIG_DFL, sa_mask[0]=0x00000000, sa_flags=0x00000000
SIGUSR2: [libjvm.so+0x7c3230], sa_mask[0]=0x00000000, sa_flags=0x10000004
SIGHUP: [libjvm.so+0x7c3410], sa_mask[0]=0x7ffbfeff, sa_flags=0x10000004
SIGINT: [libjvm.so+0x7c3410], sa_mask[0]=0x7ffbfeff, sa_flags=0x10000004
SIGTERM: [libjvm.so+0x7c3410], sa_mask[0]=0x7ffbfeff, sa_flags=0x10000004
SIGQUIT: [libjvm.so+0x7c3410], sa_mask[0]=0x7ffbfeff, sa_flags=0x10000004
SIGTRAP: SIG_DFL, sa_mask[0]=0x00000000, sa_flags=0x00000000


---------------  S Y S T E M  ---------------

OS:Ubuntu 14.04 (trusty)
uname:Linux 3.13.0-49-generic #81-Ubuntu SMP Tue Mar 24 19:29:48 UTC 2015 x86_64
libc:glibc 2.19 NPTL 2.19 
rlimit: STACK 8192k, CORE 0k, NPROC 95927, NOFILE 4096, AS infinity
load average:1.68 1.84 1.88

/proc/meminfo:
MemTotal:       12300324 kB
MemFree:          270620 kB
Buffers:            7080 kB
Cached:         10331656 kB
SwapCached:        60020 kB
Active:          5547540 kB
Inactive:        5575344 kB
Active(anon):     355944 kB
Inactive(anon):   449192 kB
Active(file):    5191596 kB
Inactive(file):  5126152 kB
Unevictable:        7220 kB
Mlocked:            7220 kB
SwapTotal:      19729404 kB
SwapFree:       17509536 kB
Dirty:            228376 kB
Writeback:             0 kB
AnonPages:        772700 kB
Mapped:           349136 kB
Shmem:             14060 kB
Slab:             408780 kB
SReclaimable:     334228 kB
SUnreclaim:        74552 kB
KernelStack:        6504 kB
PageTables:        55176 kB
NFS_Unstable:          0 kB
Bounce:                0 kB
WritebackTmp:          0 kB
CommitLimit:    25879564 kB
Committed_AS:    9208344 kB
VmallocTotal:   34359738367 kB
VmallocUsed:      185592 kB
VmallocChunk:   34359547900 kB
HardwareCorrupted:     0 kB
AnonHugePages:    270336 kB
HugePages_Total:       0
HugePages_Free:        0
HugePages_Rsvd:        0
HugePages_Surp:        0
Hugepagesize:       2048 kB
DirectMap4k:     8966116 kB
DirectMap2M:     3614720 kB


CPU:total 8 (4 cores per cpu, 2 threads per core) family 6 model 26 stepping 5, cmov, cx8, fxsr, mmx, sse, sse2, sse3, ssse3, sse4.1, sse4.2, popcnt, ht, tsc, tscinvbit, tscinv

/proc/cpuinfo:
processor	: 0
vendor_id	: GenuineIntel
cpu family	: 6
model		: 26
model name	: Intel(R) Xeon(R) CPU           W3550  @ 3.07GHz
stepping	: 5
microcode	: 0x11
cpu MHz		: 3066.712
cache size	: 8192 KB
physical id	: 0
siblings	: 8
core id		: 0
cpu cores	: 4
apicid		: 0
initial apicid	: 0
fpu		: yes
fpu_exception	: yes
cpuid level	: 11
wp		: yes
flags		: fpu vme de pse tsc msr pae mce cx8 apic sep mtrr pge mca cmov pat pse36 clflush dts acpi mmx fxsr sse sse2 ss ht tm pbe syscall nx rdtscp lm constant_tsc arch_perfmon pebs bts rep_good nopl xtopology nonstop_tsc aperfmperf pni dtes64 monitor ds_cpl vmx est tm2 ssse3 cx16 xtpr pdcm dca sse4_1 sse4_2 popcnt lahf_lm ida dtherm tpr_shadow vnmi flexpriority ept vpid
bogomips	: 6133.42
clflush size	: 64
cache_alignment	: 64
address sizes	: 36 bits physical, 48 bits virtual
power management:

processor	: 1
vendor_id	: GenuineIntel
cpu family	: 6
model		: 26
model name	: Intel(R) Xeon(R) CPU           W3550  @ 3.07GHz
stepping	: 5
microcode	: 0x11
cpu MHz		: 3066.712
cache size	: 8192 KB
physical id	: 0
siblings	: 8
core id		: 1
cpu cores	: 4
apicid		: 2
initial apicid	: 2
fpu		: yes
fpu_exception	: yes
cpuid level	: 11
wp		: yes
flags		: fpu vme de pse tsc msr pae mce cx8 apic sep mtrr pge mca cmov pat pse36 clflush dts acpi mmx fxsr sse sse2 ss ht tm pbe syscall nx rdtscp lm constant_tsc arch_perfmon pebs bts rep_good nopl xtopology nonstop_tsc aperfmperf pni dtes64 monitor ds_cpl vmx est tm2 ssse3 cx16 xtpr pdcm dca sse4_1 sse4_2 popcnt lahf_lm ida dtherm tpr_shadow vnmi flexpriority ept vpid
bogomips	: 6133.42
clflush size	: 64
cache_alignment	: 64
address sizes	: 36 bits physical, 48 bits virtual
power management:

processor	: 2
vendor_id	: GenuineIntel
cpu family	: 6
model		: 26
model name	: Intel(R) Xeon(R) CPU           W3550  @ 3.07GHz
stepping	: 5
microcode	: 0x11
cpu MHz		: 3066.712
cache size	: 8192 KB
physical id	: 0
siblings	: 8
core id		: 2
cpu cores	: 4
apicid		: 4
initial apicid	: 4
fpu		: yes
fpu_exception	: yes
cpuid level	: 11
wp		: yes
flags		: fpu vme de pse tsc msr pae mce cx8 apic sep mtrr pge mca cmov pat pse36 clflush dts acpi mmx fxsr sse sse2 ss ht tm pbe syscall nx rdtscp lm constant_tsc arch_perfmon pebs bts rep_good nopl xtopology nonstop_tsc aperfmperf pni dtes64 monitor ds_cpl vmx est tm2 ssse3 cx16 xtpr pdcm dca sse4_1 sse4_2 popcnt lahf_lm ida dtherm tpr_shadow vnmi flexpriority ept vpid
bogomips	: 6133.42
clflush size	: 64
cache_alignment	: 64
address sizes	: 36 bits physical, 48 bits virtual
power management:

processor	: 3
vendor_id	: GenuineIntel
cpu family	: 6
model		: 26
model name	: Intel(R) Xeon(R) CPU           W3550  @ 3.07GHz
stepping	: 5
microcode	: 0x11
cpu MHz		: 3066.712
cache size	: 8192 KB
physical id	: 0
siblings	: 8
core id		: 3
cpu cores	: 4
apicid		: 6
initial apicid	: 6
fpu		: yes
fpu_exception	: yes
cpuid level	: 11
wp		: yes
flags		: fpu vme de pse tsc msr pae mce cx8 apic sep mtrr pge mca cmov pat pse36 clflush dts acpi mmx fxsr sse sse2 ss ht tm pbe syscall nx rdtscp lm constant_tsc arch_perfmon pebs bts rep_good nopl xtopology nonstop_tsc aperfmperf pni dtes64 monitor ds_cpl vmx est tm2 ssse3 cx16 xtpr pdcm dca sse4_1 sse4_2 popcnt lahf_lm ida dtherm tpr_shadow vnmi flexpriority ept vpid
bogomips	: 6133.42
clflush size	: 64
cache_alignment	: 64
address sizes	: 36 bits physical, 48 bits virtual
power management:

processor	: 4
vendor_id	: GenuineIntel
cpu family	: 6
model		: 26
model name	: Intel(R) Xeon(R) CPU           W3550  @ 3.07GHz
stepping	: 5
microcode	: 0x11
cpu MHz		: 3066.712
cache size	: 8192 KB
physical id	: 0
siblings	: 8
core id		: 0
cpu cores	: 4
apicid		: 1
initial apicid	: 1
fpu		: yes
fpu_exception	: yes
cpuid level	: 11
wp		: yes
flags		: fpu vme de pse tsc msr pae mce cx8 apic sep mtrr pge mca cmov pat pse36 clflush dts acpi mmx fxsr sse sse2 ss ht tm pbe syscall nx rdtscp lm constant_tsc arch_perfmon pebs bts rep_good nopl xtopology nonstop_tsc aperfmperf pni dtes64 monitor ds_cpl vmx est tm2 ssse3 cx16 xtpr pdcm dca sse4_1 sse4_2 popcnt lahf_lm ida dtherm tpr_shadow vnmi flexpriority ept vpid
bogomips	: 6133.42
clflush size	: 64
cache_alignment	: 64
address sizes	: 36 bits physical, 48 bits virtual
power management:

processor	: 5
vendor_id	: GenuineIntel
cpu family	: 6
model		: 26
model name	: Intel(R) Xeon(R) CPU           W3550  @ 3.07GHz
stepping	: 5
microcode	: 0x11
cpu MHz		: 3066.712
cache size	: 8192 KB
physical id	: 0
siblings	: 8
core id		: 1
cpu cores	: 4
apicid		: 3
initial apicid	: 3
fpu		: yes
fpu_exception	: yes
cpuid level	: 11
wp		: yes
flags		: fpu vme de pse tsc msr pae mce cx8 apic sep mtrr pge mca cmov pat pse36 clflush dts acpi mmx fxsr sse sse2 ss ht tm pbe syscall nx rdtscp lm constant_tsc arch_perfmon pebs bts rep_good nopl xtopology nonstop_tsc aperfmperf pni dtes64 monitor ds_cpl vmx est tm2 ssse3 cx16 xtpr pdcm dca sse4_1 sse4_2 popcnt lahf_lm ida dtherm tpr_shadow vnmi flexpriority ept vpid
bogomips	: 6133.42
clflush size	: 64
cache_alignment	: 64
address sizes	: 36 bits physical, 48 bits virtual
power management:

processor	: 6
vendor_id	: GenuineIntel
cpu family	: 6
model		: 26
model name	: Intel(R) Xeon(R) CPU           W3550  @ 3.07GHz
stepping	: 5
microcode	: 0x11
cpu MHz		: 3066.712
cache size	: 8192 KB
physical id	: 0
siblings	: 8
core id		: 2
cpu cores	: 4
apicid		: 5
initial apicid	: 5
fpu		: yes
fpu_exception	: yes
cpuid level	: 11
wp		: yes
flags		: fpu vme de pse tsc msr pae mce cx8 apic sep mtrr pge mca cmov pat pse36 clflush dts acpi mmx fxsr sse sse2 ss ht tm pbe syscall nx rdtscp lm constant_tsc arch_perfmon pebs bts rep_good nopl xtopology nonstop_tsc aperfmperf pni dtes64 monitor ds_cpl vmx est tm2 ssse3 cx16 xtpr pdcm dca sse4_1 sse4_2 popcnt lahf_lm ida dtherm tpr_shadow vnmi flexpriority ept vpid
bogomips	: 6133.42
clflush size	: 64
cache_alignment	: 64
address sizes	: 36 bits physical, 48 bits virtual
power management:

processor	: 7
vendor_id	: GenuineIntel
cpu family	: 6
model		: 26
model name	: Intel(R) Xeon(R) CPU           W3550  @ 3.07GHz
stepping	: 5
microcode	: 0x11
cpu MHz		: 3066.712
cache size	: 8192 KB
physical id	: 0
siblings	: 8
core id		: 3
cpu cores	: 4
apicid		: 7
initial apicid	: 7
fpu		: yes
fpu_exception	: yes
cpuid level	: 11
wp		: yes
flags		: fpu vme de pse tsc msr pae mce cx8 apic sep mtrr pge mca cmov pat pse36 clflush dts acpi mmx fxsr sse sse2 ss ht tm pbe syscall nx rdtscp lm constant_tsc arch_perfmon pebs bts rep_good nopl xtopology nonstop_tsc aperfmperf pni dtes64 monitor ds_cpl vmx est tm2 ssse3 cx16 xtpr pdcm dca sse4_1 sse4_2 popcnt lahf_lm ida dtherm tpr_shadow vnmi flexpriority ept vpid
bogomips	: 6133.42
clflush size	: 64
cache_alignment	: 64
address sizes	: 36 bits physical, 48 bits virtual
power management:



Memory: 4k page, physical 12300324k(270620k free), swap 19729404k(17509536k free)

vm_info: OpenJDK 64-Bit Server VM (24.75-b04) for linux-amd64 JRE (1.7.0_75-b13), built on Jan 27 2015 00:38:59 by "buildd" with gcc 4.8.2

time: Thu Apr 30 16:10:43 2015
elapsed time: 1 seconds

